[0.014s] Invoking command in '/home/pietro/knapp_ros/build/knapp_amr': CMAKE_PREFIX_PATH=/opt/ros/humble /usr/bin/cmake --build /home/pietro/knapp_ros/build/knapp_amr -- -j4 -l4
[0.058s] [35m[1mConsolidate compiler generated dependencies of target posePub[0m
[0.070s] [  8%] Built target knapp_amr__rosidl_generator_c
[0.078s] [ 11%] Built target knapp_amr__cpp
[0.097s] [ 20%] Built target ament_cmake_python_copy_knapp_amr
[0.097s] [ 20%] Built target knapp_amr__rosidl_typesupport_fastrtps_c
[0.106s] [ 22%] [32mBuilding CXX object CMakeFiles/posePub.dir/src/posePub.cpp.o[0m
[0.107s] [ 31%] Built target knapp_amr__rosidl_typesupport_introspection_c
[0.131s] [ 40%] Built target knapp_amr__rosidl_typesupport_c
[0.142s] [ 48%] Built target knapp_amr__rosidl_typesupport_introspection_cpp
[0.153s] [ 57%] Built target knapp_amr__rosidl_typesupport_cpp
[0.164s] [ 65%] Built target knapp_amr__rosidl_typesupport_fastrtps_cpp
[0.185s] [ 65%] Built target knapp_amr
[0.207s] [ 68%] Built target knapp_amr__py
[0.212s] [ 74%] Built target optimizer
[0.232s] [ 80%] Built target knapp_amr__rosidl_generator_py
[0.255s] [ 85%] Built target knapp_amr__rosidl_typesupport_fastrtps_c__pyext
[0.257s] [ 91%] Built target knapp_amr__rosidl_typesupport_introspection_c__pyext
[0.279s] [ 97%] Built target knapp_amr__rosidl_typesupport_c__pyext
[0.392s] running egg_info
[0.392s] writing knapp_amr.egg-info/PKG-INFO
[0.393s] writing dependency_links to knapp_amr.egg-info/dependency_links.txt
[0.393s] writing top-level names to knapp_amr.egg-info/top_level.txt
[0.395s] reading manifest file 'knapp_amr.egg-info/SOURCES.txt'
[0.396s] writing manifest file 'knapp_amr.egg-info/SOURCES.txt'
[0.426s] [ 97%] Built target ament_cmake_python_build_knapp_amr_egg
[2.481s] [01m[K/home/pietro/knapp_ros/src/knapp_amr/src/posePub.cpp:[m[K In function â€˜[01m[Kint main(int, char**)[m[Kâ€™:
[2.481s] [01m[K/home/pietro/knapp_ros/src/knapp_amr/src/posePub.cpp:50:60:[m[K [01;31m[Kerror: [m[Kno matching function for call to â€˜[01m[Krclcpp::QoS::QoS(rclcpp::ReliabilityPolicy)[m[Kâ€™
[2.482s]    50 |         rclcpp::QoS qos(rclcpp::ReliabilityPolicy::Reliable[01;31m[K)[m[K;
[2.482s]       |                                                            [01;31m[K^[m[K
[2.482s] In file included from [01m[K/opt/ros/humble/include/rclcpp/rclcpp/node_interfaces/node_graph_interface.hpp:32[m[K,
[2.482s]                  from [01m[K/opt/ros/humble/include/rclcpp/rclcpp/client.hpp:42[m[K,
[2.482s]                  from [01m[K/opt/ros/humble/include/rclcpp/rclcpp/callback_group.hpp:24[m[K,
[2.482s]                  from [01m[K/opt/ros/humble/include/rclcpp/rclcpp/any_executable.hpp:20[m[K,
[2.482s]                  from [01m[K/opt/ros/humble/include/rclcpp/rclcpp/memory_strategy.hpp:25[m[K,
[2.482s]                  from [01m[K/opt/ros/humble/include/rclcpp/rclcpp/memory_strategies.hpp:18[m[K,
[2.482s]                  from [01m[K/opt/ros/humble/include/rclcpp/rclcpp/executor_options.hpp:20[m[K,
[2.482s]                  from [01m[K/opt/ros/humble/include/rclcpp/rclcpp/executor.hpp:37[m[K,
[2.482s]                  from [01m[K/opt/ros/humble/include/rclcpp/rclcpp/executors/multi_threaded_executor.hpp:25[m[K,
[2.482s]                  from [01m[K/opt/ros/humble/include/rclcpp/rclcpp/executors.hpp:21[m[K,
[2.482s]                  from [01m[K/opt/ros/humble/include/rclcpp/rclcpp/rclcpp.hpp:155[m[K,
[2.482s]                  from [01m[K/home/pietro/knapp_ros/src/knapp_amr/src/posePub.cpp:7[m[K:
[2.482s] [01m[K/opt/ros/humble/include/rclcpp/rclcpp/qos.hpp:141:3:[m[K [01;36m[Knote: [m[Kcandidate: â€˜[01m[Krclcpp::QoS::QoS(size_t)[m[Kâ€™
[2.483s]   141 |   [01;36m[KQoS[m[K(size_t history_depth);  // NOLINT(runtime/explicit): conversion constructor
[2.483s]       |   [01;36m[K^~~[m[K
[2.483s] [01m[K/opt/ros/humble/include/rclcpp/rclcpp/qos.hpp:141:14:[m[K [01;36m[Knote: [m[K  no known conversion for argument 1 from â€˜[01m[Krclcpp::ReliabilityPolicy[m[Kâ€™ to â€˜[01m[Ksize_t[m[Kâ€™ {aka â€˜[01m[Klong unsigned int[m[Kâ€™}
[2.483s]   141 |   QoS([01;36m[Ksize_t history_depth[m[K);  // NOLINT(runtime/explicit): conversion constructor
[2.483s]       |       [01;36m[K~~~~~~~^~~~~~~~~~~~~[m[K
[2.483s] [01m[K/opt/ros/humble/include/rclcpp/rclcpp/qos.hpp:128:3:[m[K [01;36m[Knote: [m[Kcandidate: â€˜[01m[Krclcpp::QoS::QoS(const rclcpp::QoSInitialization&, const rmw_qos_profile_t&)[m[Kâ€™
[2.483s]   128 |   [01;36m[KQoS[m[K(
[2.483s]       |   [01;36m[K^~~[m[K
[2.483s] [01m[K/opt/ros/humble/include/rclcpp/rclcpp/qos.hpp:129:31:[m[K [01;36m[Knote: [m[K  no known conversion for argument 1 from â€˜[01m[Krclcpp::ReliabilityPolicy[m[Kâ€™ to â€˜[01m[Kconst rclcpp::QoSInitialization&[m[Kâ€™
[2.483s]   129 |     [01;36m[Kconst QoSInitialization & qos_initialization[m[K,
[2.483s]       |     [01;36m[K~~~~~~~~~~~~~~~~~~~~~~~~~~^~~~~~~~~~~~~~~~~~[m[K
[2.483s] [01m[K/opt/ros/humble/include/rclcpp/rclcpp/qos.hpp:110:21:[m[K [01;36m[Knote: [m[Kcandidate: â€˜[01m[Kconstexpr rclcpp::QoS::QoS(const rclcpp::QoS&)[m[Kâ€™
[2.483s]   110 | class RCLCPP_PUBLIC [01;36m[KQoS[m[K
[2.483s]       |                     [01;36m[K^~~[m[K
[2.483s] [01m[K/opt/ros/humble/include/rclcpp/rclcpp/qos.hpp:110:21:[m[K [01;36m[Knote: [m[K  no known conversion for argument 1 from â€˜[01m[Krclcpp::ReliabilityPolicy[m[Kâ€™ to â€˜[01m[Kconst rclcpp::QoS&[m[Kâ€™
[2.484s] [01m[K/opt/ros/humble/include/rclcpp/rclcpp/qos.hpp:110:21:[m[K [01;36m[Knote: [m[Kcandidate: â€˜[01m[Kconstexpr rclcpp::QoS::QoS(rclcpp::QoS&&)[m[Kâ€™
[2.484s] [01m[K/opt/ros/humble/include/rclcpp/rclcpp/qos.hpp:110:21:[m[K [01;36m[Knote: [m[K  no known conversion for argument 1 from â€˜[01m[Krclcpp::ReliabilityPolicy[m[Kâ€™ to â€˜[01m[Krclcpp::QoS&&[m[Kâ€™
[3.249s] gmake[2]: *** [CMakeFiles/posePub.dir/build.make:76: CMakeFiles/posePub.dir/src/posePub.cpp.o] Error 1
[3.249s] gmake[1]: *** [CMakeFiles/Makefile2:622: CMakeFiles/posePub.dir/all] Error 2
[3.249s] gmake: *** [Makefile:146: all] Error 2
[3.252s] Invoked command in '/home/pietro/knapp_ros/build/knapp_amr' returned '2': CMAKE_PREFIX_PATH=/opt/ros/humble /usr/bin/cmake --build /home/pietro/knapp_ros/build/knapp_amr -- -j4 -l4
