[0.016s] Invoking command in '/home/pietro/knapp_ros/build/knapp_amr': CMAKE_PREFIX_PATH=/opt/ros/humble /usr/bin/cmake --build /home/pietro/knapp_ros/build/knapp_amr -- -j4 -l4
[0.067s] [  3%] Built target knapp_amr__cpp
[0.073s] [ 12%] Built target knapp_amr__rosidl_generator_c
[0.080s] [ 12%] Built target ament_cmake_python_copy_knapp_amr
[0.082s] [ 15%] [32mBuilding CXX object CMakeFiles/optimizer.dir/src/OrderOptimizer.cpp.o[0m
[0.090s] [ 24%] Built target knapp_amr__rosidl_typesupport_cpp
[0.095s] [ 33%] Built target knapp_amr__rosidl_typesupport_fastrtps_cpp
[0.104s] [ 42%] Built target knapp_amr__rosidl_typesupport_introspection_c
[0.114s] [ 51%] Built target knapp_amr__rosidl_typesupport_c
[0.124s] [ 60%] Built target knapp_amr__rosidl_typesupport_introspection_cpp
[0.137s] [ 69%] Built target knapp_amr__rosidl_typesupport_fastrtps_c
[0.157s] [ 69%] Built target knapp_amr
[0.178s] [ 72%] Built target knapp_amr__py
[0.202s] [ 78%] Built target knapp_amr__rosidl_generator_py
[0.224s] [ 87%] Built target knapp_amr__rosidl_typesupport_fastrtps_c__pyext
[0.226s] [ 90%] Built target knapp_amr__rosidl_typesupport_introspection_c__pyext
[0.248s] [ 96%] Built target knapp_amr__rosidl_typesupport_c__pyext
[0.371s] running egg_info
[0.372s] writing knapp_amr.egg-info/PKG-INFO
[0.372s] writing dependency_links to knapp_amr.egg-info/dependency_links.txt
[0.372s] writing top-level names to knapp_amr.egg-info/top_level.txt
[0.374s] reading manifest file 'knapp_amr.egg-info/SOURCES.txt'
[0.375s] writing manifest file 'knapp_amr.egg-info/SOURCES.txt'
[0.384s] [01m[K/home/pietro/knapp_ros/src/knapp_amr/src/OrderOptimizer.cpp:8:10:[m[K [01;31m[Kfatal error: [m[Kknapp_amr/msg/Order.hpp: No such file or directory
[0.385s]     8 | #include [01;31m[K"knapp_amr/msg/Order.hpp"[m[K
[0.385s]       |          [01;31m[K^~~~~~~~~~~~~~~~~~~~~~~~~[m[K
[0.385s] compilation terminated.
[0.389s] gmake[2]: *** [CMakeFiles/optimizer.dir/build.make:76: CMakeFiles/optimizer.dir/src/OrderOptimizer.cpp.o] Error 1
[0.389s] gmake[1]: *** [CMakeFiles/Makefile2:592: CMakeFiles/optimizer.dir/all] Error 2
[0.389s] gmake[1]: *** Waiting for unfinished jobs....
[0.404s] [ 96%] Built target ament_cmake_python_build_knapp_amr_egg
[0.405s] gmake: *** [Makefile:146: all] Error 2
[0.408s] Invoked command in '/home/pietro/knapp_ros/build/knapp_amr' returned '2': CMAKE_PREFIX_PATH=/opt/ros/humble /usr/bin/cmake --build /home/pietro/knapp_ros/build/knapp_amr -- -j4 -l4
