[0.000000] (-) TimerEvent: {}
[0.000185] (knapp_amr) JobQueued: {'identifier': 'knapp_amr', 'dependencies': OrderedDict()}
[0.000310] (knapp_amr) JobStarted: {'identifier': 'knapp_amr'}
[0.010401] (knapp_amr) JobProgress: {'identifier': 'knapp_amr', 'progress': 'cmake'}
[0.011264] (knapp_amr) JobProgress: {'identifier': 'knapp_amr', 'progress': 'build'}
[0.012133] (knapp_amr) Command: {'cmd': ['/usr/bin/cmake', '--build', '/home/pietro/knapp_ros/build/knapp_amr', '--', '-j4', '-l4'], 'cwd': '/home/pietro/knapp_ros/build/knapp_amr', 'env': OrderedDict([('LESSOPEN', '| /usr/bin/lesspipe %s'), ('USER', 'pietro'), ('LC_TIME', 'en_GB.UTF-8'), ('XDG_SESSION_TYPE', 'wayland'), ('SHLVL', '1'), ('LD_LIBRARY_PATH', '/opt/ros/humble/opt/rviz_ogre_vendor/lib:/opt/ros/humble/lib/x86_64-linux-gnu:/opt/ros/humble/lib'), ('HOME', '/home/pietro'), ('DESKTOP_SESSION', 'ubuntu'), ('ROS_PYTHON_VERSION', '3'), ('GNOME_SHELL_SESSION_MODE', 'ubuntu'), ('GTK_MODULES', 'gail:atk-bridge'), ('LC_MONETARY', 'en_GB.UTF-8'), ('DBUS_STARTER_BUS_TYPE', 'session'), ('SYSTEMD_EXEC_PID', '1970'), ('DBUS_SESSION_BUS_ADDRESS', 'unix:path=/run/user/1000/bus,guid=ecaa74a096182d0ce1e060a963da6617'), ('COLORTERM', 'truecolor'), ('_colcon_cd_root', '/opt/ros/humble/'), ('IM_CONFIG_PHASE', '1'), ('WAYLAND_DISPLAY', 'wayland-0'), ('ROS_DISTRO', 'humble'), ('LOGNAME', 'pietro'), ('_', '/usr/bin/colcon'), ('ROS_VERSION', '2'), ('XDG_SESSION_CLASS', 'user'), ('USERNAME', 'pietro'), ('TERM', 'xterm-256color'), ('GNOME_DESKTOP_SESSION_ID', 'this-is-deprecated'), ('ROS_LOCALHOST_ONLY', '0'), ('PATH', '/opt/ros/humble/bin:/usr/local/sbin:/usr/local/bin:/usr/sbin:/usr/bin:/sbin:/bin:/usr/games:/usr/local/games:/snap/bin:/snap/bin'), ('SESSION_MANAGER', 'local/Pietro-linux:@/tmp/.ICE-unix/1970,unix/Pietro-linux:/tmp/.ICE-unix/1970'), ('PAPERSIZE', 'a4'), ('XDG_MENU_PREFIX', 'gnome-'), ('LC_ADDRESS', 'en_GB.UTF-8'), ('GNOME_TERMINAL_SCREEN', '/org/gnome/Terminal/screen/5c0bbcc5_fc20_4740_bded_b408da74f194'), ('GNOME_SETUP_DISPLAY', ':1'), ('XDG_RUNTIME_DIR', '/run/user/1000'), ('DISPLAY', ':0'), ('LANG', 'en_US.UTF-8'), ('XDG_CURRENT_DESKTOP', 'ubuntu:GNOME'), ('LC_TELEPHONE', 'en_GB.UTF-8'), ('XMODIFIERS', '@im=ibus'), ('XDG_SESSION_DESKTOP', 'ubuntu'), ('XAUTHORITY', '/run/user/1000/.mutter-Xwaylandauth.T2NQZ1'), ('LS_COLORS', 'rs=0:di=01;34:ln=01;36:mh=00:pi=40;33:so=01;35:do=01;35:bd=40;33;01:cd=40;33;01:or=40;31;01:mi=00:su=37;41:sg=30;43:ca=30;41:tw=30;42:ow=34;42:st=37;44:ex=01;32:*.tar=01;31:*.tgz=01;31:*.arc=01;31:*.arj=01;31:*.taz=01;31:*.lha=01;31:*.lz4=01;31:*.lzh=01;31:*.lzma=01;31:*.tlz=01;31:*.txz=01;31:*.tzo=01;31:*.t7z=01;31:*.zip=01;31:*.z=01;31:*.dz=01;31:*.gz=01;31:*.lrz=01;31:*.lz=01;31:*.lzo=01;31:*.xz=01;31:*.zst=01;31:*.tzst=01;31:*.bz2=01;31:*.bz=01;31:*.tbz=01;31:*.tbz2=01;31:*.tz=01;31:*.deb=01;31:*.rpm=01;31:*.jar=01;31:*.war=01;31:*.ear=01;31:*.sar=01;31:*.rar=01;31:*.alz=01;31:*.ace=01;31:*.zoo=01;31:*.cpio=01;31:*.7z=01;31:*.rz=01;31:*.cab=01;31:*.wim=01;31:*.swm=01;31:*.dwm=01;31:*.esd=01;31:*.jpg=01;35:*.jpeg=01;35:*.mjpg=01;35:*.mjpeg=01;35:*.gif=01;35:*.bmp=01;35:*.pbm=01;35:*.pgm=01;35:*.ppm=01;35:*.tga=01;35:*.xbm=01;35:*.xpm=01;35:*.tif=01;35:*.tiff=01;35:*.png=01;35:*.svg=01;35:*.svgz=01;35:*.mng=01;35:*.pcx=01;35:*.mov=01;35:*.mpg=01;35:*.mpeg=01;35:*.m2v=01;35:*.mkv=01;35:*.webm=01;35:*.webp=01;35:*.ogm=01;35:*.mp4=01;35:*.m4v=01;35:*.mp4v=01;35:*.vob=01;35:*.qt=01;35:*.nuv=01;35:*.wmv=01;35:*.asf=01;35:*.rm=01;35:*.rmvb=01;35:*.flc=01;35:*.avi=01;35:*.fli=01;35:*.flv=01;35:*.gl=01;35:*.dl=01;35:*.xcf=01;35:*.xwd=01;35:*.yuv=01;35:*.cgm=01;35:*.emf=01;35:*.ogv=01;35:*.ogx=01;35:*.aac=00;36:*.au=00;36:*.flac=00;36:*.m4a=00;36:*.mid=00;36:*.midi=00;36:*.mka=00;36:*.mp3=00;36:*.mpc=00;36:*.ogg=00;36:*.ra=00;36:*.wav=00;36:*.oga=00;36:*.opus=00;36:*.spx=00;36:*.xspf=00;36:'), ('GNOME_TERMINAL_SERVICE', ':1.136'), ('SSH_AGENT_LAUNCHER', 'gnome-keyring'), ('SSH_AUTH_SOCK', '/run/user/1000/keyring/ssh'), ('ROS_DOMAIN_ID', '10'), ('AMENT_PREFIX_PATH', '/opt/ros/humble'), ('SHELL', '/bin/bash'), ('LC_NAME', 'en_GB.UTF-8'), ('QT_ACCESSIBILITY', '1'), ('GDMSESSION', 'ubuntu'), ('LESSCLOSE', '/usr/bin/lesspipe %s %s'), ('LC_MEASUREMENT', 'en_GB.UTF-8'), ('LC_IDENTIFICATION', 'en_GB.UTF-8'), ('QT_IM_MODULE', 'ibus'), ('PWD', '/home/pietro/knapp_ros/build/knapp_amr'), ('XDG_CONFIG_DIRS', '/etc/xdg/xdg-ubuntu:/etc/xdg'), ('DBUS_STARTER_ADDRESS', 'unix:path=/run/user/1000/bus,guid=ecaa74a096182d0ce1e060a963da6617'), ('XDG_DATA_DIRS', '/usr/share/ubuntu:/usr/local/share/:/usr/share/:/var/lib/snapd/desktop'), ('PYTHONPATH', '/opt/ros/humble/lib/python3.10/site-packages:/opt/ros/humble/local/lib/python3.10/dist-packages'), ('LC_NUMERIC', 'en_GB.UTF-8'), ('LC_PAPER', 'en_GB.UTF-8'), ('COLCON', '1'), ('VTE_VERSION', '6800'), ('CMAKE_PREFIX_PATH', '/opt/ros/humble')]), 'shell': False}
[0.041089] (knapp_amr) StdoutLine: {'line': b'-- Found ament_cmake: 1.3.3 (/opt/ros/humble/share/ament_cmake/cmake)\n'}
[0.098553] (-) TimerEvent: {}
[0.187436] (knapp_amr) StdoutLine: {'line': b'-- Found geometry_msgs: 4.2.3 (/opt/ros/humble/share/geometry_msgs/cmake)\n'}
[0.198658] (-) TimerEvent: {}
[0.213841] (knapp_amr) StdoutLine: {'line': b'-- Found rosidl_generator_c: 3.1.4 (/opt/ros/humble/share/rosidl_generator_c/cmake)\n'}
[0.216644] (knapp_amr) StdoutLine: {'line': b'-- Found rosidl_adapter: 3.1.4 (/opt/ros/humble/share/rosidl_adapter/cmake)\n'}
[0.223403] (knapp_amr) StdoutLine: {'line': b'-- Found rosidl_generator_cpp: 3.1.4 (/opt/ros/humble/share/rosidl_generator_cpp/cmake)\n'}
[0.236363] (knapp_amr) StdoutLine: {'line': b'-- Using all available rosidl_typesupport_c: rosidl_typesupport_fastrtps_c;rosidl_typesupport_introspection_c\n'}
[0.253629] (knapp_amr) StdoutLine: {'line': b'-- Using all available rosidl_typesupport_cpp: rosidl_typesupport_fastrtps_cpp;rosidl_typesupport_introspection_cpp\n'}
[0.298801] (-) TimerEvent: {}
[0.382246] (knapp_amr) StdoutLine: {'line': b'-- Found rclcpp: 16.0.3 (/opt/ros/humble/share/rclcpp/cmake)\n'}
[0.398928] (-) TimerEvent: {}
[0.435659] (knapp_amr) StdoutLine: {'line': b'-- Found rmw_implementation_cmake: 6.1.1 (/opt/ros/humble/share/rmw_implementation_cmake/cmake)\n'}
[0.437285] (knapp_amr) StdoutLine: {'line': b'-- Found rmw_fastrtps_cpp: 6.2.2 (/opt/ros/humble/share/rmw_fastrtps_cpp/cmake)\n'}
[0.499072] (-) TimerEvent: {}
[0.564048] (knapp_amr) StdoutLine: {'line': b"-- Using RMW implementation 'rmw_fastrtps_cpp' as default\n"}
[0.599191] (-) TimerEvent: {}
[0.699527] (-) TimerEvent: {}
[0.709607] (knapp_amr) StdoutLine: {'line': b'-- Found rosidl_default_generators: 1.2.0 (/opt/ros/humble/share/rosidl_default_generators/cmake)\n'}
[0.799655] (-) TimerEvent: {}
[0.899968] (-) TimerEvent: {}
[0.956187] (knapp_amr) StdoutLine: {'line': b'-- Found ament_cmake_ros: 0.10.0 (/opt/ros/humble/share/ament_cmake_ros/cmake)\n'}
[1.000086] (-) TimerEvent: {}
[1.100420] (-) TimerEvent: {}
[1.200782] (-) TimerEvent: {}
[1.254604] (knapp_amr) StdoutLine: {'line': b'-- Using all available rosidl_typesupport_c: rosidl_typesupport_fastrtps_c;rosidl_typesupport_introspection_c\n'}
[1.300913] (-) TimerEvent: {}
[1.372457] (knapp_amr) StdoutLine: {'line': b'-- Using all available rosidl_typesupport_cpp: rosidl_typesupport_fastrtps_cpp;rosidl_typesupport_introspection_cpp\n'}
[1.394951] (knapp_amr) StdoutLine: {'line': b'-- Found python_cmake_module: 0.10.0 (/opt/ros/humble/share/python_cmake_module/cmake)\n'}
[1.401007] (-) TimerEvent: {}
[1.417363] (knapp_amr) StdoutLine: {'line': b'-- Using PYTHON_EXECUTABLE: /usr/bin/python3\n'}
[1.417594] (knapp_amr) StdoutLine: {'line': b'-- Using PYTHON_INCLUDE_DIRS: /usr/include/python3.10\n'}
[1.417696] (knapp_amr) StdoutLine: {'line': b'-- Using PYTHON_LIBRARIES: /usr/lib/x86_64-linux-gnu/libpython3.10.so\n'}
[1.430010] (knapp_amr) StdoutLine: {'line': b'-- Found ament_lint_auto: 0.12.5 (/opt/ros/humble/share/ament_lint_auto/cmake)\n'}
[1.440405] (knapp_amr) StdoutLine: {'line': b"-- Added test 'cppcheck' to perform static code analysis on C / C++ code\n"}
[1.440939] (knapp_amr) StdoutLine: {'line': b'-- Configured cppcheck include dirs: \n'}
[1.441101] (knapp_amr) StdoutLine: {'line': b'-- Configured cppcheck exclude dirs and/or files: \n'}
[1.441734] (knapp_amr) StdoutLine: {'line': b"-- Added test 'lint_cmake' to check CMake code style\n"}
[1.442841] (knapp_amr) StdoutLine: {'line': b"-- Added test 'uncrustify' to check C / C++ code style\n"}
[1.442975] (knapp_amr) StdoutLine: {'line': b'-- Configured uncrustify additional arguments: \n'}
[1.443313] (knapp_amr) StdoutLine: {'line': b"-- Added test 'xmllint' to check XML markup files\n"}
[1.468678] (knapp_amr) StdoutLine: {'line': b'-- Configuring done\n'}
[1.501123] (-) TimerEvent: {}
[1.530397] (knapp_amr) StdoutLine: {'line': b'-- Generating done\n'}
[1.536027] (knapp_amr) StdoutLine: {'line': b'-- Build files have been written to: /home/pietro/knapp_ros/build/knapp_amr\n'}
[1.563809] (knapp_amr) StdoutLine: {'line': b'\x1b[35m\x1b[1mConsolidate compiler generated dependencies of target knapp_amr__rosidl_generator_c\x1b[0m\n'}
[1.564625] (knapp_amr) StdoutLine: {'line': b'\x1b[35m\x1b[1mConsolidate compiler generated dependencies of target optimizer\x1b[0m\n'}
[1.575607] (knapp_amr) StdoutLine: {'line': b'[  3%] Built target knapp_amr__cpp\n'}
[1.580828] (knapp_amr) StdoutLine: {'line': b'[ 12%] Built target knapp_amr__rosidl_generator_c\n'}
[1.584233] (knapp_amr) StdoutLine: {'line': b'[ 12%] Built target ament_cmake_python_copy_knapp_amr\n'}
[1.586940] (knapp_amr) StdoutLine: {'line': b'\x1b[35m\x1b[1mConsolidate compiler generated dependencies of target knapp_amr__rosidl_typesupport_cpp\x1b[0m\n'}
[1.588882] (knapp_amr) StdoutLine: {'line': b'[ 15%] \x1b[32mBuilding CXX object CMakeFiles/optimizer.dir/src/OrderOptimizer.cpp.o\x1b[0m\n'}
[1.593403] (knapp_amr) StdoutLine: {'line': b'\x1b[35m\x1b[1mConsolidate compiler generated dependencies of target knapp_amr__rosidl_typesupport_fastrtps_cpp\x1b[0m\n'}
[1.601215] (-) TimerEvent: {}
[1.605163] (knapp_amr) StdoutLine: {'line': b'\x1b[35m\x1b[1mConsolidate compiler generated dependencies of target knapp_amr__rosidl_typesupport_introspection_c\x1b[0m\n'}
[1.607498] (knapp_amr) StdoutLine: {'line': b'[ 24%] Built target knapp_amr__rosidl_typesupport_fastrtps_cpp\n'}
[1.608457] (knapp_amr) StdoutLine: {'line': b'[ 33%] Built target knapp_amr__rosidl_typesupport_cpp\n'}
[1.618254] (knapp_amr) StdoutLine: {'line': b'\x1b[35m\x1b[1mConsolidate compiler generated dependencies of target knapp_amr__rosidl_typesupport_c\x1b[0m\n'}
[1.621949] (knapp_amr) StdoutLine: {'line': b'\x1b[35m\x1b[1mConsolidate compiler generated dependencies of target knapp_amr__rosidl_typesupport_introspection_cpp\x1b[0m\n'}
[1.625441] (knapp_amr) StdoutLine: {'line': b'[ 42%] Built target knapp_amr__rosidl_typesupport_introspection_c\n'}
[1.634546] (knapp_amr) StdoutLine: {'line': b'[ 54%] Built target knapp_amr__rosidl_typesupport_introspection_cpp\n'}
[1.635035] (knapp_amr) StdoutLine: {'line': b'[ 60%] Built target knapp_amr__rosidl_typesupport_c\n'}
[1.645413] (knapp_amr) StdoutLine: {'line': b'\x1b[35m\x1b[1mConsolidate compiler generated dependencies of target knapp_amr__rosidl_typesupport_fastrtps_c\x1b[0m\n'}
[1.659906] (knapp_amr) StdoutLine: {'line': b'[ 69%] Built target knapp_amr__rosidl_typesupport_fastrtps_c\n'}
[1.680545] (knapp_amr) StdoutLine: {'line': b'[ 69%] Built target knapp_amr\n'}
[1.701303] (-) TimerEvent: {}
[1.702247] (knapp_amr) StdoutLine: {'line': b'[ 72%] Built target knapp_amr__py\n'}
[1.713169] (knapp_amr) StdoutLine: {'line': b'\x1b[35m\x1b[1mConsolidate compiler generated dependencies of target knapp_amr__rosidl_generator_py\x1b[0m\n'}
[1.728089] (knapp_amr) StdoutLine: {'line': b'[ 78%] Built target knapp_amr__rosidl_generator_py\n'}
[1.738843] (knapp_amr) StdoutLine: {'line': b'\x1b[35m\x1b[1mConsolidate compiler generated dependencies of target knapp_amr__rosidl_typesupport_fastrtps_c__pyext\x1b[0m\n'}
[1.741389] (knapp_amr) StdoutLine: {'line': b'\x1b[35m\x1b[1mConsolidate compiler generated dependencies of target knapp_amr__rosidl_typesupport_introspection_c__pyext\x1b[0m\n'}
[1.755292] (knapp_amr) StdoutLine: {'line': b'[ 84%] Built target knapp_amr__rosidl_typesupport_introspection_c__pyext\n'}
[1.764852] (knapp_amr) StdoutLine: {'line': b'[ 90%] Built target knapp_amr__rosidl_typesupport_fastrtps_c__pyext\n'}
[1.765783] (knapp_amr) StdoutLine: {'line': b'\x1b[35m\x1b[1mConsolidate compiler generated dependencies of target knapp_amr__rosidl_typesupport_c__pyext\x1b[0m\n'}
[1.779940] (knapp_amr) StdoutLine: {'line': b'[ 96%] Built target knapp_amr__rosidl_typesupport_c__pyext\n'}
[1.801434] (-) TimerEvent: {}
[1.880303] (knapp_amr) StderrLine: {'line': b'\x1b[01m\x1b[K/home/pietro/knapp_ros/src/knapp_amr/src/OrderOptimizer.cpp:8:10:\x1b[m\x1b[K \x1b[01;31m\x1b[Kfatal error: \x1b[m\x1b[Kknapp_amr/msg/order.hpp: No such file or directory\n'}
[1.880483] (knapp_amr) StderrLine: {'line': b'    8 | #include \x1b[01;31m\x1b[K"knapp_amr/msg/order.hpp"\x1b[m\x1b[K\n'}
[1.880563] (knapp_amr) StderrLine: {'line': b'      |          \x1b[01;31m\x1b[K^~~~~~~~~~~~~~~~~~~~~~~~~\x1b[m\x1b[K\n'}
[1.880632] (knapp_amr) StderrLine: {'line': b'compilation terminated.\n'}
[1.884610] (knapp_amr) StderrLine: {'line': b'gmake[2]: *** [CMakeFiles/optimizer.dir/build.make:76: CMakeFiles/optimizer.dir/src/OrderOptimizer.cpp.o] Error 1\n'}
[1.884764] (knapp_amr) StderrLine: {'line': b'gmake[1]: *** [CMakeFiles/Makefile2:592: CMakeFiles/optimizer.dir/all] Error 2\n'}
[1.884842] (knapp_amr) StderrLine: {'line': b'gmake[1]: *** Waiting for unfinished jobs....\n'}
[1.901201] (knapp_amr) StdoutLine: {'line': b'running egg_info\n'}
[1.901500] (-) TimerEvent: {}
[1.902098] (knapp_amr) StdoutLine: {'line': b'writing knapp_amr.egg-info/PKG-INFO\n'}
[1.902399] (knapp_amr) StdoutLine: {'line': b'writing dependency_links to knapp_amr.egg-info/dependency_links.txt\n'}
[1.902635] (knapp_amr) StdoutLine: {'line': b'writing top-level names to knapp_amr.egg-info/top_level.txt\n'}
[1.904784] (knapp_amr) StdoutLine: {'line': b"reading manifest file 'knapp_amr.egg-info/SOURCES.txt'\n"}
[1.905498] (knapp_amr) StdoutLine: {'line': b"writing manifest file 'knapp_amr.egg-info/SOURCES.txt'\n"}
[1.933898] (knapp_amr) StdoutLine: {'line': b'[ 96%] Built target ament_cmake_python_build_knapp_amr_egg\n'}
[1.935594] (knapp_amr) StderrLine: {'line': b'gmake: *** [Makefile:146: all] Error 2\n'}
[1.937747] (knapp_amr) CommandEnded: {'returncode': 2}
[2.001626] (-) TimerEvent: {}
[2.021457] (knapp_amr) JobEnded: {'identifier': 'knapp_amr', 'rc': 2}
[2.022347] (-) EventReactorShutdown: {}
