[0.014s] Invoking command in '/home/pietro/knapp_ros/build/knapp_amr': CMAKE_PREFIX_PATH=/opt/ros/humble /usr/bin/cmake --build /home/pietro/knapp_ros/build/knapp_amr -- -j4 -l4
[0.039s] -- Found ament_cmake: 1.3.3 (/opt/ros/humble/share/ament_cmake/cmake)
[0.189s] -- Found geometry_msgs: 4.2.3 (/opt/ros/humble/share/geometry_msgs/cmake)
[0.216s] -- Found rosidl_generator_c: 3.1.4 (/opt/ros/humble/share/rosidl_generator_c/cmake)
[0.219s] -- Found rosidl_adapter: 3.1.4 (/opt/ros/humble/share/rosidl_adapter/cmake)
[0.226s] -- Found rosidl_generator_cpp: 3.1.4 (/opt/ros/humble/share/rosidl_generator_cpp/cmake)
[0.240s] -- Using all available rosidl_typesupport_c: rosidl_typesupport_fastrtps_c;rosidl_typesupport_introspection_c
[0.258s] -- Using all available rosidl_typesupport_cpp: rosidl_typesupport_fastrtps_cpp;rosidl_typesupport_introspection_cpp
[0.389s] -- Found rclcpp: 16.0.3 (/opt/ros/humble/share/rclcpp/cmake)
[0.442s] -- Found rmw_implementation_cmake: 6.1.1 (/opt/ros/humble/share/rmw_implementation_cmake/cmake)
[0.443s] -- Found rmw_fastrtps_cpp: 6.2.2 (/opt/ros/humble/share/rmw_fastrtps_cpp/cmake)
[0.567s] -- Using RMW implementation 'rmw_fastrtps_cpp' as default
[0.717s] -- Found rosidl_default_generators: 1.2.0 (/opt/ros/humble/share/rosidl_default_generators/cmake)
[0.963s] -- Found ament_cmake_ros: 0.10.0 (/opt/ros/humble/share/ament_cmake_ros/cmake)
[1.256s] -- Using all available rosidl_typesupport_c: rosidl_typesupport_fastrtps_c;rosidl_typesupport_introspection_c
[1.373s] -- Using all available rosidl_typesupport_cpp: rosidl_typesupport_fastrtps_cpp;rosidl_typesupport_introspection_cpp
[1.398s] -- Found python_cmake_module: 0.10.0 (/opt/ros/humble/share/python_cmake_module/cmake)
[1.421s] -- Using PYTHON_EXECUTABLE: /usr/bin/python3
[1.421s] -- Using PYTHON_INCLUDE_DIRS: /usr/include/python3.10
[1.421s] -- Using PYTHON_LIBRARIES: /usr/lib/x86_64-linux-gnu/libpython3.10.so
[1.435s] -- Found ament_lint_auto: 0.12.5 (/opt/ros/humble/share/ament_lint_auto/cmake)
[1.446s] -- Added test 'cppcheck' to perform static code analysis on C / C++ code
[1.446s] -- Configured cppcheck include dirs: 
[1.446s] -- Configured cppcheck exclude dirs and/or files: 
[1.447s] -- Added test 'lint_cmake' to check CMake code style
[1.448s] -- Added test 'uncrustify' to check C / C++ code style
[1.448s] -- Configured uncrustify additional arguments: 
[1.448s] -- Added test 'xmllint' to check XML markup files
[1.450s] -- Configuring done
[1.498s] -- Generating done
[1.503s] -- Build files have been written to: /home/pietro/knapp_ros/build/knapp_amr
[1.534s] [35m[1mConsolidate compiler generated dependencies of target optimizer[0m
[1.543s] [35m[1mConsolidate compiler generated dependencies of target knapp_amr__rosidl_generator_c[0m
[1.553s] [  2%] Built target knapp_amr__cpp
[1.558s] [ 10%] [32mBuilding CXX object CMakeFiles/optimizer.dir/src/OrderOptimizer.cpp.o[0m
[1.558s] [ 13%] Built target knapp_amr__rosidl_generator_c
[1.561s] [ 13%] Built target ament_cmake_python_copy_knapp_amr
[1.572s] [35m[1mConsolidate compiler generated dependencies of target knapp_amr__rosidl_typesupport_cpp[0m
[1.572s] [35m[1mConsolidate compiler generated dependencies of target posePub[0m
[1.585s] [35m[1mConsolidate compiler generated dependencies of target orderPub[0m
[1.606s] [ 21%] Built target knapp_amr__rosidl_typesupport_cpp
[1.617s] [ 24%] [32mBuilding CXX object CMakeFiles/orderPub.dir/src/orderPub.cpp.o[0m
[1.629s] [35m[1mConsolidate compiler generated dependencies of target knapp_amr__rosidl_typesupport_fastrtps_c[0m
[1.638s] [ 29%] Built target posePub
[1.652s] [35m[1mConsolidate compiler generated dependencies of target knapp_amr__rosidl_typesupport_fastrtps_cpp[0m
[1.661s] [ 37%] Built target knapp_amr__rosidl_typesupport_fastrtps_c
[1.666s] [ 45%] Built target knapp_amr__rosidl_typesupport_fastrtps_cpp
[1.678s] [35m[1mConsolidate compiler generated dependencies of target knapp_amr__rosidl_typesupport_introspection_c[0m
[1.685s] [35m[1mConsolidate compiler generated dependencies of target knapp_amr__rosidl_typesupport_c[0m
[1.689s] [ 54%] Built target knapp_amr__rosidl_typesupport_introspection_c
[1.705s] [35m[1mConsolidate compiler generated dependencies of target knapp_amr__rosidl_typesupport_introspection_cpp[0m
[1.716s] [ 62%] Built target knapp_amr__rosidl_typesupport_introspection_cpp
[1.725s] [ 70%] Built target knapp_amr__rosidl_typesupport_c
[1.746s] [ 70%] Built target knapp_amr
[1.769s] [ 72%] Built target knapp_amr__py
[1.805s] [35m[1mConsolidate compiler generated dependencies of target knapp_amr__rosidl_generator_py[0m
[1.861s] [ 78%] Built target knapp_amr__rosidl_generator_py
[1.896s] [35m[1mConsolidate compiler generated dependencies of target knapp_amr__rosidl_typesupport_fastrtps_c__pyext[0m
[1.955s] [ 83%] Built target knapp_amr__rosidl_typesupport_fastrtps_c__pyext
[1.960s] [01m[K/home/pietro/knapp_ros/src/knapp_amr/src/OrderOptimizer.cpp:13:10:[m[K [01;31m[Kfatal error: [m[Kknapp_amr/msg/order.hpp: No such file or directory
[1.960s]    13 | #include [01;31m[K"knapp_amr/msg/order.hpp"[m[K
[1.961s]       |          [01;31m[K^~~~~~~~~~~~~~~~~~~~~~~~~[m[K
[1.962s] compilation terminated.
[1.966s] gmake[2]: *** [CMakeFiles/optimizer.dir/build.make:76: CMakeFiles/optimizer.dir/src/OrderOptimizer.cpp.o] Error 1
[1.966s] gmake[1]: *** [CMakeFiles/Makefile2:596: CMakeFiles/optimizer.dir/all] Error 2
[1.967s] gmake[1]: *** Waiting for unfinished jobs....
[1.977s] [35m[1mConsolidate compiler generated dependencies of target knapp_amr__rosidl_typesupport_introspection_c__pyext[0m
[1.994s] [ 89%] Built target knapp_amr__rosidl_typesupport_introspection_c__pyext
[2.033s] running egg_info
[2.034s] writing knapp_amr.egg-info/PKG-INFO
[2.034s] writing dependency_links to knapp_amr.egg-info/dependency_links.txt
[2.035s] writing top-level names to knapp_amr.egg-info/top_level.txt
[2.037s] reading manifest file 'knapp_amr.egg-info/SOURCES.txt'
[2.037s] writing manifest file 'knapp_amr.egg-info/SOURCES.txt'
[2.067s] [ 89%] Built target ament_cmake_python_build_knapp_amr_egg
[5.964s] [ 91%] [32m[1mLinking CXX executable orderPub[0m
[6.168s] [ 91%] Built target orderPub
[6.169s] gmake: *** [Makefile:146: all] Error 2
[6.171s] Invoked command in '/home/pietro/knapp_ros/build/knapp_amr' returned '2': CMAKE_PREFIX_PATH=/opt/ros/humble /usr/bin/cmake --build /home/pietro/knapp_ros/build/knapp_amr -- -j4 -l4
