[0.016s] Invoking command in '/home/pietro/knapp_ros/build/knapp_amr': CMAKE_PREFIX_PATH=/opt/ros/humble /usr/bin/cmake --build /home/pietro/knapp_ros/build/knapp_amr -- -j4 -l4
[0.070s] [  3%] Built target knapp_amr__cpp
[0.072s] [ 12%] Built target knapp_amr__rosidl_generator_c
[0.075s] [ 15%] [32mBuilding CXX object CMakeFiles/optimizer.dir/src/OrderOptimizer.cpp.o[0m
[0.092s] [ 15%] Built target ament_cmake_python_copy_knapp_amr
[0.095s] [ 24%] Built target knapp_amr__rosidl_typesupport_cpp
[0.096s] [ 33%] Built target knapp_amr__rosidl_typesupport_fastrtps_cpp
[0.121s] [ 45%] Built target knapp_amr__rosidl_typesupport_introspection_c
[0.122s] [ 51%] Built target knapp_amr__rosidl_typesupport_introspection_cpp
[0.128s] [ 60%] Built target knapp_amr__rosidl_typesupport_c
[0.148s] [ 69%] Built target knapp_amr__rosidl_typesupport_fastrtps_c
[0.170s] [ 69%] Built target knapp_amr
[0.191s] [ 72%] Built target knapp_amr__py
[0.215s] [ 78%] Built target knapp_amr__rosidl_generator_py
[0.238s] [ 84%] Built target knapp_amr__rosidl_typesupport_introspection_c__pyext
[0.243s] [ 90%] Built target knapp_amr__rosidl_typesupport_fastrtps_c__pyext
[0.260s] [ 96%] Built target knapp_amr__rosidl_typesupport_c__pyext
[0.366s] [01m[K/home/pietro/knapp_ros/src/knapp_amr/src/OrderOptimizer.cpp:8:10:[m[K [01;31m[Kfatal error: [m[Kknapp_amr/msg/order.hpp: No such file or directory
[0.366s]     8 | #include [01;31m[K"knapp_amr/msg/order.hpp"[m[K
[0.367s]       |          [01;31m[K^~~~~~~~~~~~~~~~~~~~~~~~~[m[K
[0.367s] compilation terminated.
[0.369s] gmake[2]: *** [CMakeFiles/optimizer.dir/build.make:76: CMakeFiles/optimizer.dir/src/OrderOptimizer.cpp.o] Error 1
[0.370s] gmake[1]: *** [CMakeFiles/Makefile2:592: CMakeFiles/optimizer.dir/all] Error 2
[0.370s] gmake[1]: *** Waiting for unfinished jobs....
[0.399s] running egg_info
[0.400s] writing knapp_amr.egg-info/PKG-INFO
[0.400s] writing dependency_links to knapp_amr.egg-info/dependency_links.txt
[0.400s] writing top-level names to knapp_amr.egg-info/top_level.txt
[0.403s] reading manifest file 'knapp_amr.egg-info/SOURCES.txt'
[0.403s] writing manifest file 'knapp_amr.egg-info/SOURCES.txt'
[0.430s] [ 96%] Built target ament_cmake_python_build_knapp_amr_egg
[0.431s] gmake: *** [Makefile:146: all] Error 2
[0.434s] Invoked command in '/home/pietro/knapp_ros/build/knapp_amr' returned '2': CMAKE_PREFIX_PATH=/opt/ros/humble /usr/bin/cmake --build /home/pietro/knapp_ros/build/knapp_amr -- -j4 -l4
