[0.000000] (-) TimerEvent: {}
[0.000906] (knapp_amr) JobQueued: {'identifier': 'knapp_amr', 'dependencies': OrderedDict()}
[0.001520] (knapp_amr) JobStarted: {'identifier': 'knapp_amr'}
[0.011674] (knapp_amr) JobProgress: {'identifier': 'knapp_amr', 'progress': 'cmake'}
[0.012595] (knapp_amr) JobProgress: {'identifier': 'knapp_amr', 'progress': 'build'}
[0.013393] (knapp_amr) Command: {'cmd': ['/usr/bin/cmake', '--build', '/home/pietro/knapp_ros/build/knapp_amr', '--', '-j4', '-l4'], 'cwd': '/home/pietro/knapp_ros/build/knapp_amr', 'env': OrderedDict([('LESSOPEN', '| /usr/bin/lesspipe %s'), ('USER', 'pietro'), ('LC_TIME', 'en_GB.UTF-8'), ('XDG_SESSION_TYPE', 'wayland'), ('SHLVL', '1'), ('LD_LIBRARY_PATH', '/opt/ros/humble/opt/rviz_ogre_vendor/lib:/opt/ros/humble/lib/x86_64-linux-gnu:/opt/ros/humble/lib'), ('HOME', '/home/pietro'), ('DESKTOP_SESSION', 'ubuntu'), ('ROS_PYTHON_VERSION', '3'), ('GNOME_SHELL_SESSION_MODE', 'ubuntu'), ('GTK_MODULES', 'gail:atk-bridge'), ('LC_MONETARY', 'en_GB.UTF-8'), ('DBUS_STARTER_BUS_TYPE', 'session'), ('SYSTEMD_EXEC_PID', '1970'), ('DBUS_SESSION_BUS_ADDRESS', 'unix:path=/run/user/1000/bus,guid=ecaa74a096182d0ce1e060a963da6617'), ('COLORTERM', 'truecolor'), ('_colcon_cd_root', '/opt/ros/humble/'), ('IM_CONFIG_PHASE', '1'), ('WAYLAND_DISPLAY', 'wayland-0'), ('ROS_DISTRO', 'humble'), ('LOGNAME', 'pietro'), ('_', '/usr/bin/colcon'), ('ROS_VERSION', '2'), ('XDG_SESSION_CLASS', 'user'), ('USERNAME', 'pietro'), ('TERM', 'xterm-256color'), ('GNOME_DESKTOP_SESSION_ID', 'this-is-deprecated'), ('ROS_LOCALHOST_ONLY', '0'), ('PATH', '/opt/ros/humble/bin:/usr/local/sbin:/usr/local/bin:/usr/sbin:/usr/bin:/sbin:/bin:/usr/games:/usr/local/games:/snap/bin:/snap/bin'), ('SESSION_MANAGER', 'local/Pietro-linux:@/tmp/.ICE-unix/1970,unix/Pietro-linux:/tmp/.ICE-unix/1970'), ('PAPERSIZE', 'a4'), ('XDG_MENU_PREFIX', 'gnome-'), ('LC_ADDRESS', 'en_GB.UTF-8'), ('GNOME_TERMINAL_SCREEN', '/org/gnome/Terminal/screen/5c0bbcc5_fc20_4740_bded_b408da74f194'), ('GNOME_SETUP_DISPLAY', ':1'), ('XDG_RUNTIME_DIR', '/run/user/1000'), ('DISPLAY', ':0'), ('LANG', 'en_US.UTF-8'), ('XDG_CURRENT_DESKTOP', 'ubuntu:GNOME'), ('LC_TELEPHONE', 'en_GB.UTF-8'), ('XMODIFIERS', '@im=ibus'), ('XDG_SESSION_DESKTOP', 'ubuntu'), ('XAUTHORITY', '/run/user/1000/.mutter-Xwaylandauth.T2NQZ1'), ('LS_COLORS', 'rs=0:di=01;34:ln=01;36:mh=00:pi=40;33:so=01;35:do=01;35:bd=40;33;01:cd=40;33;01:or=40;31;01:mi=00:su=37;41:sg=30;43:ca=30;41:tw=30;42:ow=34;42:st=37;44:ex=01;32:*.tar=01;31:*.tgz=01;31:*.arc=01;31:*.arj=01;31:*.taz=01;31:*.lha=01;31:*.lz4=01;31:*.lzh=01;31:*.lzma=01;31:*.tlz=01;31:*.txz=01;31:*.tzo=01;31:*.t7z=01;31:*.zip=01;31:*.z=01;31:*.dz=01;31:*.gz=01;31:*.lrz=01;31:*.lz=01;31:*.lzo=01;31:*.xz=01;31:*.zst=01;31:*.tzst=01;31:*.bz2=01;31:*.bz=01;31:*.tbz=01;31:*.tbz2=01;31:*.tz=01;31:*.deb=01;31:*.rpm=01;31:*.jar=01;31:*.war=01;31:*.ear=01;31:*.sar=01;31:*.rar=01;31:*.alz=01;31:*.ace=01;31:*.zoo=01;31:*.cpio=01;31:*.7z=01;31:*.rz=01;31:*.cab=01;31:*.wim=01;31:*.swm=01;31:*.dwm=01;31:*.esd=01;31:*.jpg=01;35:*.jpeg=01;35:*.mjpg=01;35:*.mjpeg=01;35:*.gif=01;35:*.bmp=01;35:*.pbm=01;35:*.pgm=01;35:*.ppm=01;35:*.tga=01;35:*.xbm=01;35:*.xpm=01;35:*.tif=01;35:*.tiff=01;35:*.png=01;35:*.svg=01;35:*.svgz=01;35:*.mng=01;35:*.pcx=01;35:*.mov=01;35:*.mpg=01;35:*.mpeg=01;35:*.m2v=01;35:*.mkv=01;35:*.webm=01;35:*.webp=01;35:*.ogm=01;35:*.mp4=01;35:*.m4v=01;35:*.mp4v=01;35:*.vob=01;35:*.qt=01;35:*.nuv=01;35:*.wmv=01;35:*.asf=01;35:*.rm=01;35:*.rmvb=01;35:*.flc=01;35:*.avi=01;35:*.fli=01;35:*.flv=01;35:*.gl=01;35:*.dl=01;35:*.xcf=01;35:*.xwd=01;35:*.yuv=01;35:*.cgm=01;35:*.emf=01;35:*.ogv=01;35:*.ogx=01;35:*.aac=00;36:*.au=00;36:*.flac=00;36:*.m4a=00;36:*.mid=00;36:*.midi=00;36:*.mka=00;36:*.mp3=00;36:*.mpc=00;36:*.ogg=00;36:*.ra=00;36:*.wav=00;36:*.oga=00;36:*.opus=00;36:*.spx=00;36:*.xspf=00;36:'), ('GNOME_TERMINAL_SERVICE', ':1.136'), ('SSH_AGENT_LAUNCHER', 'gnome-keyring'), ('SSH_AUTH_SOCK', '/run/user/1000/keyring/ssh'), ('ROS_DOMAIN_ID', '10'), ('AMENT_PREFIX_PATH', '/opt/ros/humble'), ('SHELL', '/bin/bash'), ('LC_NAME', 'en_GB.UTF-8'), ('QT_ACCESSIBILITY', '1'), ('GDMSESSION', 'ubuntu'), ('LESSCLOSE', '/usr/bin/lesspipe %s %s'), ('LC_MEASUREMENT', 'en_GB.UTF-8'), ('LC_IDENTIFICATION', 'en_GB.UTF-8'), ('QT_IM_MODULE', 'ibus'), ('PWD', '/home/pietro/knapp_ros/build/knapp_amr'), ('XDG_CONFIG_DIRS', '/etc/xdg/xdg-ubuntu:/etc/xdg'), ('DBUS_STARTER_ADDRESS', 'unix:path=/run/user/1000/bus,guid=ecaa74a096182d0ce1e060a963da6617'), ('XDG_DATA_DIRS', '/usr/share/ubuntu:/usr/local/share/:/usr/share/:/var/lib/snapd/desktop'), ('PYTHONPATH', '/opt/ros/humble/lib/python3.10/site-packages:/opt/ros/humble/local/lib/python3.10/dist-packages'), ('LC_NUMERIC', 'en_GB.UTF-8'), ('LC_PAPER', 'en_GB.UTF-8'), ('COLCON', '1'), ('VTE_VERSION', '6800'), ('CMAKE_PREFIX_PATH', '/opt/ros/humble')]), 'shell': False}
[0.042517] (knapp_amr) StdoutLine: {'line': b'-- Found ament_cmake: 1.3.3 (/opt/ros/humble/share/ament_cmake/cmake)\n'}
[0.099601] (-) TimerEvent: {}
[0.191420] (knapp_amr) StdoutLine: {'line': b'-- Found geometry_msgs: 4.2.3 (/opt/ros/humble/share/geometry_msgs/cmake)\n'}
[0.199679] (-) TimerEvent: {}
[0.218323] (knapp_amr) StdoutLine: {'line': b'-- Found rosidl_generator_c: 3.1.4 (/opt/ros/humble/share/rosidl_generator_c/cmake)\n'}
[0.221176] (knapp_amr) StdoutLine: {'line': b'-- Found rosidl_adapter: 3.1.4 (/opt/ros/humble/share/rosidl_adapter/cmake)\n'}
[0.227968] (knapp_amr) StdoutLine: {'line': b'-- Found rosidl_generator_cpp: 3.1.4 (/opt/ros/humble/share/rosidl_generator_cpp/cmake)\n'}
[0.240316] (knapp_amr) StdoutLine: {'line': b'-- Using all available rosidl_typesupport_c: rosidl_typesupport_fastrtps_c;rosidl_typesupport_introspection_c\n'}
[0.257709] (knapp_amr) StdoutLine: {'line': b'-- Using all available rosidl_typesupport_cpp: rosidl_typesupport_fastrtps_cpp;rosidl_typesupport_introspection_cpp\n'}
[0.299824] (-) TimerEvent: {}
[0.386067] (knapp_amr) StdoutLine: {'line': b'-- Found rclcpp: 16.0.3 (/opt/ros/humble/share/rclcpp/cmake)\n'}
[0.399932] (-) TimerEvent: {}
[0.437104] (knapp_amr) StdoutLine: {'line': b'-- Found rmw_implementation_cmake: 6.1.1 (/opt/ros/humble/share/rmw_implementation_cmake/cmake)\n'}
[0.438768] (knapp_amr) StdoutLine: {'line': b'-- Found rmw_fastrtps_cpp: 6.2.2 (/opt/ros/humble/share/rmw_fastrtps_cpp/cmake)\n'}
[0.500076] (-) TimerEvent: {}
[0.567763] (knapp_amr) StdoutLine: {'line': b"-- Using RMW implementation 'rmw_fastrtps_cpp' as default\n"}
[0.600168] (-) TimerEvent: {}
[0.700455] (-) TimerEvent: {}
[0.716789] (knapp_amr) StdoutLine: {'line': b'-- Found rosidl_default_generators: 1.2.0 (/opt/ros/humble/share/rosidl_default_generators/cmake)\n'}
[0.800539] (-) TimerEvent: {}
[0.900892] (-) TimerEvent: {}
[0.959817] (knapp_amr) StdoutLine: {'line': b'-- Found ament_cmake_ros: 0.10.0 (/opt/ros/humble/share/ament_cmake_ros/cmake)\n'}
[1.001002] (-) TimerEvent: {}
[1.101300] (-) TimerEvent: {}
[1.201624] (-) TimerEvent: {}
[1.260360] (knapp_amr) StdoutLine: {'line': b'-- Using all available rosidl_typesupport_c: rosidl_typesupport_fastrtps_c;rosidl_typesupport_introspection_c\n'}
[1.301761] (-) TimerEvent: {}
[1.377269] (knapp_amr) StdoutLine: {'line': b'-- Using all available rosidl_typesupport_cpp: rosidl_typesupport_fastrtps_cpp;rosidl_typesupport_introspection_cpp\n'}
[1.400441] (knapp_amr) StdoutLine: {'line': b'-- Found python_cmake_module: 0.10.0 (/opt/ros/humble/share/python_cmake_module/cmake)\n'}
[1.401904] (-) TimerEvent: {}
[1.422683] (knapp_amr) StdoutLine: {'line': b'-- Using PYTHON_EXECUTABLE: /usr/bin/python3\n'}
[1.422916] (knapp_amr) StdoutLine: {'line': b'-- Using PYTHON_INCLUDE_DIRS: /usr/include/python3.10\n'}
[1.423057] (knapp_amr) StdoutLine: {'line': b'-- Using PYTHON_LIBRARIES: /usr/lib/x86_64-linux-gnu/libpython3.10.so\n'}
[1.435379] (knapp_amr) StdoutLine: {'line': b'-- Found ament_lint_auto: 0.12.5 (/opt/ros/humble/share/ament_lint_auto/cmake)\n'}
[1.445512] (knapp_amr) StdoutLine: {'line': b"-- Added test 'cppcheck' to perform static code analysis on C / C++ code\n"}
[1.446068] (knapp_amr) StdoutLine: {'line': b'-- Configured cppcheck include dirs: \n'}
[1.446207] (knapp_amr) StdoutLine: {'line': b'-- Configured cppcheck exclude dirs and/or files: \n'}
[1.446856] (knapp_amr) StdoutLine: {'line': b"-- Added test 'lint_cmake' to check CMake code style\n"}
[1.448110] (knapp_amr) StdoutLine: {'line': b"-- Added test 'uncrustify' to check C / C++ code style\n"}
[1.448267] (knapp_amr) StdoutLine: {'line': b'-- Configured uncrustify additional arguments: \n'}
[1.448666] (knapp_amr) StdoutLine: {'line': b"-- Added test 'xmllint' to check XML markup files\n"}
[1.450488] (knapp_amr) StdoutLine: {'line': b'-- Configuring done\n'}
[1.489682] (knapp_amr) StdoutLine: {'line': b'-- Generating done\n'}
[1.494159] (knapp_amr) StdoutLine: {'line': b'-- Build files have been written to: /home/pietro/knapp_ros/build/knapp_amr\n'}
[1.502038] (-) TimerEvent: {}
[1.521844] (knapp_amr) StdoutLine: {'line': b'\x1b[35m\x1b[1mConsolidate compiler generated dependencies of target knapp_amr__rosidl_generator_c\x1b[0m\n'}
[1.522386] (knapp_amr) StdoutLine: {'line': b'\x1b[35m\x1b[1mConsolidate compiler generated dependencies of target optimizer\x1b[0m\n'}
[1.534117] (knapp_amr) StdoutLine: {'line': b'[  9%] Built target knapp_amr__cpp\n'}
[1.534335] (knapp_amr) StdoutLine: {'line': b'[ 12%] Built target knapp_amr__rosidl_generator_c\n'}
[1.545741] (knapp_amr) StdoutLine: {'line': b'\x1b[35m\x1b[1mConsolidate compiler generated dependencies of target knapp_amr__rosidl_typesupport_fastrtps_cpp\x1b[0m\n'}
[1.546030] (knapp_amr) StdoutLine: {'line': b'\x1b[35m\x1b[1mConsolidate compiler generated dependencies of target knapp_amr__rosidl_typesupport_cpp\x1b[0m\n'}
[1.548894] (knapp_amr) StdoutLine: {'line': b'[ 15%] \x1b[32mBuilding CXX object CMakeFiles/optimizer.dir/src/OrderOptimizer.cpp.o\x1b[0m\n'}
[1.550204] (knapp_amr) StdoutLine: {'line': b'[ 15%] Built target ament_cmake_python_copy_knapp_amr\n'}
[1.560391] (knapp_amr) StdoutLine: {'line': b'\x1b[35m\x1b[1mConsolidate compiler generated dependencies of target knapp_amr__rosidl_typesupport_introspection_c\x1b[0m\n'}
[1.569309] (knapp_amr) StdoutLine: {'line': b'[ 24%] Built target knapp_amr__rosidl_typesupport_fastrtps_cpp\n'}
[1.571986] (knapp_amr) StdoutLine: {'line': b'[ 33%] Built target knapp_amr__rosidl_typesupport_introspection_c\n'}
[1.579016] (knapp_amr) StdoutLine: {'line': b'[ 42%] Built target knapp_amr__rosidl_typesupport_cpp\n'}
[1.582714] (knapp_amr) StdoutLine: {'line': b'\x1b[35m\x1b[1mConsolidate compiler generated dependencies of target knapp_amr__rosidl_typesupport_introspection_cpp\x1b[0m\n'}
[1.588177] (knapp_amr) StdoutLine: {'line': b'\x1b[35m\x1b[1mConsolidate compiler generated dependencies of target knapp_amr__rosidl_typesupport_c\x1b[0m\n'}
[1.602150] (-) TimerEvent: {}
[1.602482] (knapp_amr) StdoutLine: {'line': b'[ 51%] Built target knapp_amr__rosidl_typesupport_introspection_cpp\n'}
[1.604193] (knapp_amr) StdoutLine: {'line': b'[ 60%] Built target knapp_amr__rosidl_typesupport_c\n'}
[1.613702] (knapp_amr) StdoutLine: {'line': b'\x1b[35m\x1b[1mConsolidate compiler generated dependencies of target knapp_amr__rosidl_typesupport_fastrtps_c\x1b[0m\n'}
[1.628048] (knapp_amr) StdoutLine: {'line': b'[ 69%] Built target knapp_amr__rosidl_typesupport_fastrtps_c\n'}
[1.649016] (knapp_amr) StdoutLine: {'line': b'[ 69%] Built target knapp_amr\n'}
[1.670512] (knapp_amr) StdoutLine: {'line': b'[ 72%] Built target knapp_amr__py\n'}
[1.681610] (knapp_amr) StdoutLine: {'line': b'\x1b[35m\x1b[1mConsolidate compiler generated dependencies of target knapp_amr__rosidl_generator_py\x1b[0m\n'}
[1.695903] (knapp_amr) StdoutLine: {'line': b'[ 78%] Built target knapp_amr__rosidl_generator_py\n'}
[1.702243] (-) TimerEvent: {}
[1.706802] (knapp_amr) StdoutLine: {'line': b'\x1b[35m\x1b[1mConsolidate compiler generated dependencies of target knapp_amr__rosidl_typesupport_fastrtps_c__pyext\x1b[0m\n'}
[1.709154] (knapp_amr) StdoutLine: {'line': b'\x1b[35m\x1b[1mConsolidate compiler generated dependencies of target knapp_amr__rosidl_typesupport_introspection_c__pyext\x1b[0m\n'}
[1.720551] (knapp_amr) StdoutLine: {'line': b'[ 84%] Built target knapp_amr__rosidl_typesupport_fastrtps_c__pyext\n'}
[1.731339] (knapp_amr) StdoutLine: {'line': b'\x1b[35m\x1b[1mConsolidate compiler generated dependencies of target knapp_amr__rosidl_typesupport_c__pyext\x1b[0m\n'}
[1.738675] (knapp_amr) StdoutLine: {'line': b'[ 90%] Built target knapp_amr__rosidl_typesupport_introspection_c__pyext\n'}
[1.748440] (knapp_amr) StdoutLine: {'line': b'[ 96%] Built target knapp_amr__rosidl_typesupport_c__pyext\n'}
[1.802382] (-) TimerEvent: {}
[1.855484] (knapp_amr) StderrLine: {'line': b'\x1b[01m\x1b[K/home/pietro/knapp_ros/src/knapp_amr/src/OrderOptimizer.cpp:8:10:\x1b[m\x1b[K \x1b[01;31m\x1b[Kfatal error: \x1b[m\x1b[Kknapp_amr/msg/order.hpp: No such file or directory\n'}
[1.855664] (knapp_amr) StderrLine: {'line': b'    8 | #include \x1b[01;31m\x1b[K"knapp_amr/msg/order.hpp"\x1b[m\x1b[K\n'}
[1.855744] (knapp_amr) StderrLine: {'line': b'      |          \x1b[01;31m\x1b[K^~~~~~~~~~~~~~~~~~~~~~~~~\x1b[m\x1b[K\n'}
[1.855810] (knapp_amr) StderrLine: {'line': b'compilation terminated.\n'}
[1.855887] (knapp_amr) StdoutLine: {'line': b'running egg_info\n'}
[1.856287] (knapp_amr) StdoutLine: {'line': b'writing knapp_amr.egg-info/PKG-INFO\n'}
[1.856576] (knapp_amr) StdoutLine: {'line': b'writing dependency_links to knapp_amr.egg-info/dependency_links.txt\n'}
[1.856770] (knapp_amr) StdoutLine: {'line': b'writing top-level names to knapp_amr.egg-info/top_level.txt\n'}
[1.859211] (knapp_amr) StderrLine: {'line': b'gmake[2]: *** [CMakeFiles/optimizer.dir/build.make:76: CMakeFiles/optimizer.dir/src/OrderOptimizer.cpp.o] Error 1\n'}
[1.859418] (knapp_amr) StderrLine: {'line': b'gmake[1]: *** [CMakeFiles/Makefile2:592: CMakeFiles/optimizer.dir/all] Error 2\n'}
[1.859530] (knapp_amr) StderrLine: {'line': b'gmake[1]: *** Waiting for unfinished jobs....\n'}
[1.859736] (knapp_amr) StdoutLine: {'line': b"reading manifest file 'knapp_amr.egg-info/SOURCES.txt'\n"}
[1.860198] (knapp_amr) StdoutLine: {'line': b"writing manifest file 'knapp_amr.egg-info/SOURCES.txt'\n"}
[1.886567] (knapp_amr) StdoutLine: {'line': b'[ 96%] Built target ament_cmake_python_build_knapp_amr_egg\n'}
[1.887899] (knapp_amr) StderrLine: {'line': b'gmake: *** [Makefile:146: all] Error 2\n'}
[1.890064] (knapp_amr) CommandEnded: {'returncode': 2}
[1.902476] (-) TimerEvent: {}
[1.987128] (knapp_amr) JobEnded: {'identifier': 'knapp_amr', 'rc': 2}
[1.988201] (-) EventReactorShutdown: {}
