[0.014s] Invoking command in '/home/pietro/knapp_ros/build/knapp_amr': CMAKE_PREFIX_PATH=/opt/ros/humble /usr/bin/cmake --build /home/pietro/knapp_ros/build/knapp_amr -- -j4 -l4
[0.058s] [35m[1mConsolidate compiler generated dependencies of target posePub[0m
[0.076s] [  2%] Built target knapp_amr__cpp
[0.077s] [ 11%] Built target knapp_amr__rosidl_generator_c
[0.092s] [ 14%] [32mBuilding CXX object CMakeFiles/posePub.dir/src/posePub.cpp.o[0m
[0.093s] [ 14%] Built target ament_cmake_python_copy_knapp_amr
[0.102s] [ 22%] Built target knapp_amr__rosidl_typesupport_cpp
[0.114s] [ 31%] Built target knapp_amr__rosidl_typesupport_fastrtps_cpp
[0.136s] [ 40%] Built target knapp_amr__rosidl_typesupport_introspection_c
[0.146s] [ 48%] Built target knapp_amr__rosidl_typesupport_c
[0.147s] [ 57%] Built target knapp_amr__rosidl_typesupport_introspection_cpp
[0.169s] [ 65%] Built target knapp_amr__rosidl_typesupport_fastrtps_c
[0.189s] [ 65%] Built target knapp_amr
[0.209s] [ 68%] Built target knapp_amr__py
[0.217s] [ 74%] Built target optimizer
[0.232s] [ 80%] Built target knapp_amr__rosidl_generator_py
[0.254s] [ 88%] Built target knapp_amr__rosidl_typesupport_fastrtps_c__pyext
[0.255s] [ 91%] Built target knapp_amr__rosidl_typesupport_introspection_c__pyext
[0.276s] [ 97%] Built target knapp_amr__rosidl_typesupport_c__pyext
[0.402s] running egg_info
[0.403s] writing knapp_amr.egg-info/PKG-INFO
[0.403s] writing dependency_links to knapp_amr.egg-info/dependency_links.txt
[0.403s] writing top-level names to knapp_amr.egg-info/top_level.txt
[0.405s] reading manifest file 'knapp_amr.egg-info/SOURCES.txt'
[0.406s] writing manifest file 'knapp_amr.egg-info/SOURCES.txt'
[0.436s] [ 97%] Built target ament_cmake_python_build_knapp_amr_egg
[2.534s] [01m[K/home/pietro/knapp_ros/src/knapp_amr/src/posePub.cpp:[m[K In function â€˜[01m[Kint main(int, char**)[m[Kâ€™:
[2.534s] [01m[K/home/pietro/knapp_ros/src/knapp_amr/src/posePub.cpp:50:60:[m[K [01;31m[Kerror: [m[Kâ€˜[01m[Krclcpp::ReliabilityPolicy::Reliable[m[Kâ€™ cannot be used as a function
[2.534s]    50 |         rclcpp::QoS qos([01;31m[Krclcpp::ReliabilityPolicy::Reliable()[m[K);
[2.534s]       |                         [01;31m[K~~~~~~~~~~~~~~~~~~~~~~~~~~~~~~~~~~~^~[m[K
[3.304s] gmake[2]: *** [CMakeFiles/posePub.dir/build.make:76: CMakeFiles/posePub.dir/src/posePub.cpp.o] Error 1
[3.305s] gmake[1]: *** [CMakeFiles/Makefile2:622: CMakeFiles/posePub.dir/all] Error 2
[3.305s] gmake: *** [Makefile:146: all] Error 2
[3.307s] Invoked command in '/home/pietro/knapp_ros/build/knapp_amr' returned '2': CMAKE_PREFIX_PATH=/opt/ros/humble /usr/bin/cmake --build /home/pietro/knapp_ros/build/knapp_amr -- -j4 -l4
