[0.015s] Invoking command in '/home/pietro/knapp_ros/build/knapp_amr': CMAKE_PREFIX_PATH=/opt/ros/humble /usr/bin/cmake --build /home/pietro/knapp_ros/build/knapp_amr -- -j4 -l4
[0.041s] -- Found ament_cmake: 1.3.3 (/opt/ros/humble/share/ament_cmake/cmake)
[0.191s] -- Found geometry_msgs: 4.2.3 (/opt/ros/humble/share/geometry_msgs/cmake)
[0.218s] -- Found rosidl_generator_c: 3.1.4 (/opt/ros/humble/share/rosidl_generator_c/cmake)
[0.221s] -- Found rosidl_adapter: 3.1.4 (/opt/ros/humble/share/rosidl_adapter/cmake)
[0.227s] -- Found rosidl_generator_cpp: 3.1.4 (/opt/ros/humble/share/rosidl_generator_cpp/cmake)
[0.240s] -- Using all available rosidl_typesupport_c: rosidl_typesupport_fastrtps_c;rosidl_typesupport_introspection_c
[0.258s] -- Using all available rosidl_typesupport_cpp: rosidl_typesupport_fastrtps_cpp;rosidl_typesupport_introspection_cpp
[0.387s] -- Found rclcpp: 16.0.3 (/opt/ros/humble/share/rclcpp/cmake)
[0.438s] -- Found rmw_implementation_cmake: 6.1.1 (/opt/ros/humble/share/rmw_implementation_cmake/cmake)
[0.440s] -- Found rmw_fastrtps_cpp: 6.2.2 (/opt/ros/humble/share/rmw_fastrtps_cpp/cmake)
[0.569s] -- Using RMW implementation 'rmw_fastrtps_cpp' as default
[0.714s] -- Found rosidl_default_generators: 1.2.0 (/opt/ros/humble/share/rosidl_default_generators/cmake)
[0.960s] -- Found ament_cmake_ros: 0.10.0 (/opt/ros/humble/share/ament_cmake_ros/cmake)
[1.261s] -- Using all available rosidl_typesupport_c: rosidl_typesupport_fastrtps_c;rosidl_typesupport_introspection_c
[1.386s] -- Using all available rosidl_typesupport_cpp: rosidl_typesupport_fastrtps_cpp;rosidl_typesupport_introspection_cpp
[1.409s] -- Found python_cmake_module: 0.10.0 (/opt/ros/humble/share/python_cmake_module/cmake)
[1.431s] -- Using PYTHON_EXECUTABLE: /usr/bin/python3
[1.431s] -- Using PYTHON_INCLUDE_DIRS: /usr/include/python3.10
[1.432s] -- Using PYTHON_LIBRARIES: /usr/lib/x86_64-linux-gnu/libpython3.10.so
[1.444s] -- Found ament_lint_auto: 0.12.5 (/opt/ros/humble/share/ament_lint_auto/cmake)
[1.454s] -- Added test 'cppcheck' to perform static code analysis on C / C++ code
[1.454s] -- Configured cppcheck include dirs: 
[1.455s] -- Configured cppcheck exclude dirs and/or files: 
[1.455s] -- Added test 'lint_cmake' to check CMake code style
[1.456s] -- Added test 'uncrustify' to check C / C++ code style
[1.456s] -- Configured uncrustify additional arguments: 
[1.457s] -- Added test 'xmllint' to check XML markup files
[1.458s] -- Configuring done
[1.498s] -- Generating done
[1.502s] -- Build files have been written to: /home/pietro/knapp_ros/build/knapp_amr
[1.531s] [35m[1mConsolidate compiler generated dependencies of target knapp_amr__rosidl_generator_c[0m
[1.531s] [35m[1mConsolidate compiler generated dependencies of target optimizer[0m
[1.545s] [  3%] Built target knapp_amr__cpp
[1.545s] [ 12%] Built target knapp_amr__rosidl_generator_c
[1.553s] [ 12%] Built target ament_cmake_python_copy_knapp_amr
[1.553s] [ 15%] [32mBuilding CXX object CMakeFiles/optimizer.dir/src/OrderOptimizer.cpp.o[0m
[1.556s] [35m[1mConsolidate compiler generated dependencies of target knapp_amr__rosidl_typesupport_fastrtps_cpp[0m
[1.562s] [35m[1mConsolidate compiler generated dependencies of target knapp_amr__rosidl_typesupport_cpp[0m
[1.564s] [35m[1mConsolidate compiler generated dependencies of target knapp_amr__rosidl_typesupport_introspection_c[0m
[1.570s] [ 24%] Built target knapp_amr__rosidl_typesupport_fastrtps_cpp
[1.575s] [ 33%] Built target knapp_amr__rosidl_typesupport_introspection_c
[1.581s] [35m[1mConsolidate compiler generated dependencies of target knapp_amr__rosidl_typesupport_c[0m
[1.586s] [35m[1mConsolidate compiler generated dependencies of target knapp_amr__rosidl_typesupport_introspection_cpp[0m
[1.591s] [ 42%] Built target knapp_amr__rosidl_typesupport_cpp
[1.593s] [ 51%] Built target knapp_amr__rosidl_typesupport_c
[1.603s] [ 60%] Built target knapp_amr__rosidl_typesupport_introspection_cpp
[1.605s] [35m[1mConsolidate compiler generated dependencies of target knapp_amr__rosidl_typesupport_fastrtps_c[0m
[1.619s] [ 69%] Built target knapp_amr__rosidl_typesupport_fastrtps_c
[1.640s] [ 69%] Built target knapp_amr
[1.661s] [ 72%] Built target knapp_amr__py
[1.672s] [35m[1mConsolidate compiler generated dependencies of target knapp_amr__rosidl_generator_py[0m
[1.686s] [ 78%] Built target knapp_amr__rosidl_generator_py
[1.696s] [35m[1mConsolidate compiler generated dependencies of target knapp_amr__rosidl_typesupport_fastrtps_c__pyext[0m
[1.698s] [35m[1mConsolidate compiler generated dependencies of target knapp_amr__rosidl_typesupport_introspection_c__pyext[0m
[1.714s] [ 84%] Built target knapp_amr__rosidl_typesupport_introspection_c__pyext
[1.715s] [ 90%] Built target knapp_amr__rosidl_typesupport_fastrtps_c__pyext
[1.725s] [35m[1mConsolidate compiler generated dependencies of target knapp_amr__rosidl_typesupport_c__pyext[0m
[1.741s] [ 96%] Built target knapp_amr__rosidl_typesupport_c__pyext
[1.856s] [01m[K/home/pietro/knapp_ros/src/knapp_amr/src/OrderOptimizer.cpp:8:10:[m[K [01;31m[Kfatal error: [m[Kknapp_amr/msg/order.hpp: No such file or directory
[1.856s]     8 | #include [01;31m[K"knapp_amr/msg/order.hpp"[m[K
[1.856s]       |          [01;31m[K^~~~~~~~~~~~~~~~~~~~~~~~~[m[K
[1.856s] compilation terminated.
[1.859s] gmake[2]: *** [CMakeFiles/optimizer.dir/build.make:76: CMakeFiles/optimizer.dir/src/OrderOptimizer.cpp.o] Error 1
[1.859s] gmake[1]: *** [CMakeFiles/Makefile2:592: CMakeFiles/optimizer.dir/all] Error 2
[1.859s] gmake[1]: *** Waiting for unfinished jobs....
[1.860s] running egg_info
[1.861s] writing knapp_amr.egg-info/PKG-INFO
[1.861s] writing dependency_links to knapp_amr.egg-info/dependency_links.txt
[1.861s] writing top-level names to knapp_amr.egg-info/top_level.txt
[1.863s] reading manifest file 'knapp_amr.egg-info/SOURCES.txt'
[1.864s] writing manifest file 'knapp_amr.egg-info/SOURCES.txt'
[1.891s] [ 96%] Built target ament_cmake_python_build_knapp_amr_egg
[1.893s] gmake: *** [Makefile:146: all] Error 2
[1.895s] Invoked command in '/home/pietro/knapp_ros/build/knapp_amr' returned '2': CMAKE_PREFIX_PATH=/opt/ros/humble /usr/bin/cmake --build /home/pietro/knapp_ros/build/knapp_amr -- -j4 -l4
