[  2%] Built target knapp_amr__cpp
[  8%] Built target posePub
[ 16%] Built target knapp_amr__rosidl_generator_c
[ 16%] Built target ament_cmake_python_copy_knapp_amr
[ 24%] Built target knapp_amr__rosidl_typesupport_cpp
[ 32%] Built target knapp_amr__rosidl_typesupport_fastrtps_cpp
[ 40%] Built target knapp_amr__rosidl_typesupport_introspection_cpp
[ 56%] Built target knapp_amr__rosidl_typesupport_fastrtps_c
[ 56%] Built target knapp_amr__rosidl_typesupport_introspection_c
[ 64%] Built target knapp_amr__rosidl_typesupport_c
[35m[1mConsolidate compiler generated dependencies of target optimizer[0m
[ 70%] Built target orderPub
[ 72%] [32mBuilding CXX object CMakeFiles/optimizer.dir/src/OrderOptimizer.cpp.o[0m
[ 72%] Built target knapp_amr
[ 75%] Built target knapp_amr__py
[ 81%] Built target knapp_amr__rosidl_generator_py
[ 89%] Built target knapp_amr__rosidl_typesupport_fastrtps_c__pyext
[ 91%] Built target knapp_amr__rosidl_typesupport_introspection_c__pyext
[ 97%] Built target knapp_amr__rosidl_typesupport_c__pyext
running egg_info
writing knapp_amr.egg-info/PKG-INFO
writing dependency_links to knapp_amr.egg-info/dependency_links.txt
writing top-level names to knapp_amr.egg-info/top_level.txt
reading manifest file 'knapp_amr.egg-info/SOURCES.txt'
writing manifest file 'knapp_amr.egg-info/SOURCES.txt'
[ 97%] Built target ament_cmake_python_build_knapp_amr_egg
[01m[K/home/pietro/knapp_ros/src/knapp_amr/src/OrderOptimizer.cpp:[m[K In member function â€˜[01m[Kvoid OrderOptimizer::order_callback(const Order&)[m[Kâ€™:
[01m[K/home/pietro/knapp_ros/src/knapp_amr/src/OrderOptimizer.cpp:74:20:[m[K [01;31m[Kerror: [m[Kâ€˜[01m[Kstd::ostringstream[m[Kâ€™ {aka â€˜[01m[Kclass std::__cxx11::basic_ostringstream<char>[m[Kâ€™} has no member named â€˜[01m[Ksetprecision[m[Kâ€™; did you mean â€˜[01m[Kstd::streamsize std::ios_base::_M_precision[m[Kâ€™? (not accessible from this context)
   74 |                 ss.[01;31m[Ksetprecision[m[K(2);
      |                    [01;31m[K^~~~~~~~~~~~[m[K
In file included from [01m[K/usr/include/c++/11/bits/locale_facets.h:43[m[K,
                 from [01m[K/usr/include/c++/11/locale:40[m[K,
                 from [01m[K/usr/include/c++/11/bits/fs_path.h:37[m[K,
                 from [01m[K/usr/include/c++/11/filesystem:45[m[K,
                 from [01m[K/home/pietro/knapp_ros/src/knapp_amr/src/OrderOptimizer.cpp:5[m[K:
[01m[K/usr/include/c++/11/bits/ios_base.h:545:25:[m[K [01;36m[Knote: [m[Kdeclared protected here
  545 |     streamsize          [01;36m[K_M_precision[m[K;
      |                         [01;36m[K^~~~~~~~~~~~[m[K
gmake[2]: *** [CMakeFiles/optimizer.dir/build.make:76: CMakeFiles/optimizer.dir/src/OrderOptimizer.cpp.o] Error 1
gmake[1]: *** [CMakeFiles/Makefile2:597: CMakeFiles/optimizer.dir/all] Error 2
gmake: *** [Makefile:146: all] Error 2
