[0.013s] Invoking command in '/home/pietro/knapp_ros/build/knapp_amr': CMAKE_PREFIX_PATH=/opt/ros/humble /usr/bin/cmake --build /home/pietro/knapp_ros/build/knapp_amr -- -j4 -l4
[0.075s] [  2%] Built target knapp_amr__cpp
[0.075s] [  8%] Built target posePub
[0.080s] [ 16%] Built target knapp_amr__rosidl_generator_c
[0.085s] [ 16%] Built target ament_cmake_python_copy_knapp_amr
[0.102s] [ 24%] Built target knapp_amr__rosidl_typesupport_cpp
[0.113s] [ 32%] Built target knapp_amr__rosidl_typesupport_fastrtps_cpp
[0.124s] [ 40%] Built target knapp_amr__rosidl_typesupport_introspection_cpp
[0.132s] [ 56%] Built target knapp_amr__rosidl_typesupport_fastrtps_c
[0.133s] [ 56%] Built target knapp_amr__rosidl_typesupport_introspection_c
[0.146s] [ 64%] Built target knapp_amr__rosidl_typesupport_c
[0.147s] [35m[1mConsolidate compiler generated dependencies of target optimizer[0m
[0.165s] [ 70%] Built target orderPub
[0.171s] [ 72%] [32mBuilding CXX object CMakeFiles/optimizer.dir/src/OrderOptimizer.cpp.o[0m
[0.174s] [ 72%] Built target knapp_amr
[0.195s] [ 75%] Built target knapp_amr__py
[0.220s] [ 81%] Built target knapp_amr__rosidl_generator_py
[0.242s] [ 89%] Built target knapp_amr__rosidl_typesupport_fastrtps_c__pyext
[0.243s] [ 91%] Built target knapp_amr__rosidl_typesupport_introspection_c__pyext
[0.265s] [ 97%] Built target knapp_amr__rosidl_typesupport_c__pyext
[0.402s] running egg_info
[0.404s] writing knapp_amr.egg-info/PKG-INFO
[0.404s] writing dependency_links to knapp_amr.egg-info/dependency_links.txt
[0.404s] writing top-level names to knapp_amr.egg-info/top_level.txt
[0.406s] reading manifest file 'knapp_amr.egg-info/SOURCES.txt'
[0.406s] writing manifest file 'knapp_amr.egg-info/SOURCES.txt'
[0.447s] [ 97%] Built target ament_cmake_python_build_knapp_amr_egg
[3.027s] [01m[K/home/pietro/knapp_ros/src/knapp_amr/src/OrderOptimizer.cpp:[m[K In member function â€˜[01m[Kvoid OrderOptimizer::order_callback(const Order&)[m[Kâ€™:
[3.027s] [01m[K/home/pietro/knapp_ros/src/knapp_amr/src/OrderOptimizer.cpp:74:20:[m[K [01;31m[Kerror: [m[Kâ€˜[01m[Kstd::ostringstream[m[Kâ€™ {aka â€˜[01m[Kclass std::__cxx11::basic_ostringstream<char>[m[Kâ€™} has no member named â€˜[01m[Ksetprecision[m[Kâ€™; did you mean â€˜[01m[Kstd::streamsize std::ios_base::_M_precision[m[Kâ€™? (not accessible from this context)
[3.027s]    74 |                 ss.[01;31m[Ksetprecision[m[K(2);
[3.027s]       |                    [01;31m[K^~~~~~~~~~~~[m[K
[3.027s] In file included from [01m[K/usr/include/c++/11/bits/locale_facets.h:43[m[K,
[3.028s]                  from [01m[K/usr/include/c++/11/locale:40[m[K,
[3.028s]                  from [01m[K/usr/include/c++/11/bits/fs_path.h:37[m[K,
[3.028s]                  from [01m[K/usr/include/c++/11/filesystem:45[m[K,
[3.028s]                  from [01m[K/home/pietro/knapp_ros/src/knapp_amr/src/OrderOptimizer.cpp:5[m[K:
[3.028s] [01m[K/usr/include/c++/11/bits/ios_base.h:545:25:[m[K [01;36m[Knote: [m[Kdeclared protected here
[3.028s]   545 |     streamsize          [01;36m[K_M_precision[m[K;
[3.028s]       |                         [01;36m[K^~~~~~~~~~~~[m[K
[6.507s] gmake[2]: *** [CMakeFiles/optimizer.dir/build.make:76: CMakeFiles/optimizer.dir/src/OrderOptimizer.cpp.o] Error 1
[6.508s] gmake[1]: *** [CMakeFiles/Makefile2:597: CMakeFiles/optimizer.dir/all] Error 2
[6.508s] gmake: *** [Makefile:146: all] Error 2
[6.510s] Invoked command in '/home/pietro/knapp_ros/build/knapp_amr' returned '2': CMAKE_PREFIX_PATH=/opt/ros/humble /usr/bin/cmake --build /home/pietro/knapp_ros/build/knapp_amr -- -j4 -l4
