[01m[K/home/pietro/knapp_ros/src/knapp_amr/src/orderPub.cpp:[m[K In function â€˜[01m[Kint main(int, char**)[m[Kâ€™:
[01m[K/home/pietro/knapp_ros/src/knapp_amr/src/orderPub.cpp:64:61:[m[K [01;31m[Kerror: [m[Kexpected â€˜[01m[K;[m[Kâ€™ before â€˜[01m[Kif[m[Kâ€™
   64 |         message.description=std::string("order n# "+1000001)
      |                                                             [01;31m[K^[m[K
      |                                                             [32m[K;[m[K
   65 |                 [32m[Kif[m[K (send){
      |                 [32m[K~~[m[K                                           
[01m[K/home/pietro/knapp_ros/src/knapp_amr/src/orderPub.cpp:55:14:[m[K [01;35m[Kwarning: [m[Kunused variable â€˜[01m[Ksend[m[Kâ€™ [[01;35m[K]8;;https://gcc.gnu.org/onlinedocs/gcc/Warning-Options.html#index-Wunused-variable-Wunused-variable]8;;[m[K]
   55 |         bool [01;35m[Ksend[m[K=true;
      |              [01;35m[K^~~~[m[K
gmake[2]: *** [CMakeFiles/orderPub.dir/build.make:76: CMakeFiles/orderPub.dir/src/orderPub.cpp.o] Error 1
gmake[1]: *** [CMakeFiles/Makefile2:650: CMakeFiles/orderPub.dir/all] Error 2
gmake: *** [Makefile:146: all] Error 2
