[0.014s] Invoking command in '/home/pietro/knapp_ros/build/knapp_amr': CMAKE_PREFIX_PATH=/opt/ros/humble /usr/bin/cmake --build /home/pietro/knapp_ros/build/knapp_amr -- -j4 -l4
[0.066s] [ 10%] Built target knapp_amr__rosidl_generator_c
[0.066s] [ 10%] Built target knapp_amr__cpp
[0.073s] [ 10%] Built target ament_cmake_python_copy_knapp_amr
[0.076s] [ 16%] Built target posePub
[0.096s] [ 24%] Built target knapp_amr__rosidl_typesupport_fastrtps_c
[0.097s] [ 32%] Built target knapp_amr__rosidl_typesupport_c
[0.106s] [ 40%] Built target knapp_amr__rosidl_typesupport_introspection_c
[0.114s] [ 48%] Built target knapp_amr__rosidl_typesupport_introspection_cpp
[0.136s] [ 56%] Built target knapp_amr__rosidl_typesupport_fastrtps_cpp
[0.141s] [ 64%] Built target knapp_amr__rosidl_typesupport_cpp
[0.154s] [35m[1mConsolidate compiler generated dependencies of target optimizer[0m
[0.158s] [35m[1mConsolidate compiler generated dependencies of target orderPub[0m
[0.176s] [ 67%] Built target knapp_amr
[0.176s] [ 70%] Built target optimizer
[0.193s] [ 72%] [32mBuilding CXX object CMakeFiles/orderPub.dir/src/orderPub.cpp.o[0m
[0.196s] [ 75%] Built target knapp_amr__py
[0.218s] [ 81%] Built target knapp_amr__rosidl_generator_py
[0.242s] [ 86%] Built target knapp_amr__rosidl_typesupport_fastrtps_c__pyext
[0.275s] [ 91%] Built target knapp_amr__rosidl_typesupport_introspection_c__pyext
[0.283s] [ 97%] Built target knapp_amr__rosidl_typesupport_c__pyext
[0.388s] running egg_info
[0.389s] writing knapp_amr.egg-info/PKG-INFO
[0.389s] writing dependency_links to knapp_amr.egg-info/dependency_links.txt
[0.389s] writing top-level names to knapp_amr.egg-info/top_level.txt
[0.391s] reading manifest file 'knapp_amr.egg-info/SOURCES.txt'
[0.392s] writing manifest file 'knapp_amr.egg-info/SOURCES.txt'
[0.419s] [ 97%] Built target ament_cmake_python_build_knapp_amr_egg
[2.671s] [01m[K/home/pietro/knapp_ros/src/knapp_amr/src/orderPub.cpp:[m[K In function â€˜[01m[Kint main(int, char**)[m[Kâ€™:
[2.671s] [01m[K/home/pietro/knapp_ros/src/knapp_amr/src/orderPub.cpp:64:61:[m[K [01;31m[Kerror: [m[Kexpected â€˜[01m[K;[m[Kâ€™ before â€˜[01m[Kif[m[Kâ€™
[2.671s]    64 |         message.description=std::string("order n# "+1000001)
[2.671s]       |                                                             [01;31m[K^[m[K
[2.672s]       |                                                             [32m[K;[m[K
[2.672s]    65 |                 [32m[Kif[m[K (send){
[2.672s]       |                 [32m[K~~[m[K                                           
[2.672s] [01m[K/home/pietro/knapp_ros/src/knapp_amr/src/orderPub.cpp:55:14:[m[K [01;35m[Kwarning: [m[Kunused variable â€˜[01m[Ksend[m[Kâ€™ [[01;35m[K]8;;https://gcc.gnu.org/onlinedocs/gcc/Warning-Options.html#index-Wunused-variable-Wunused-variable]8;;[m[K]
[2.672s]    55 |         bool [01;35m[Ksend[m[K=true;
[2.672s]       |              [01;35m[K^~~~[m[K
[3.343s] gmake[2]: *** [CMakeFiles/orderPub.dir/build.make:76: CMakeFiles/orderPub.dir/src/orderPub.cpp.o] Error 1
[3.343s] gmake[1]: *** [CMakeFiles/Makefile2:650: CMakeFiles/orderPub.dir/all] Error 2
[3.343s] gmake: *** [Makefile:146: all] Error 2
[3.346s] Invoked command in '/home/pietro/knapp_ros/build/knapp_amr' returned '2': CMAKE_PREFIX_PATH=/opt/ros/humble /usr/bin/cmake --build /home/pietro/knapp_ros/build/knapp_amr -- -j4 -l4
