[0.015s] Invoking command in '/home/pietro/knapp_ros/build/knapp_amr': CMAKE_PREFIX_PATH=/opt/ros/humble /usr/bin/cmake --build /home/pietro/knapp_ros/build/knapp_amr -- -j4 -l4
[0.078s] [35m[1mConsolidate compiler generated dependencies of target posePub[0m
[0.101s] [  8%] Built target knapp_amr__rosidl_generator_c
[0.117s] [ 11%] Built target knapp_amr__cpp
[0.118s] [ 14%] [32mBuilding CXX object CMakeFiles/posePub.dir/src/posePub.cpp.o[0m
[0.118s] [ 14%] Built target ament_cmake_python_copy_knapp_amr
[0.150s] [ 22%] Built target knapp_amr__rosidl_typesupport_fastrtps_c
[0.160s] [ 34%] Built target knapp_amr__rosidl_typesupport_c
[0.162s] [ 40%] Built target knapp_amr__rosidl_typesupport_introspection_c
[0.189s] [ 48%] Built target knapp_amr__rosidl_typesupport_introspection_cpp
[0.202s] [ 57%] Built target knapp_amr__rosidl_typesupport_cpp
[0.223s] [ 65%] Built target knapp_amr__rosidl_typesupport_fastrtps_cpp
[0.247s] [ 65%] Built target knapp_amr
[0.277s] [ 68%] Built target knapp_amr__py
[0.287s] [ 74%] Built target optimizer
[0.306s] [ 80%] Built target knapp_amr__rosidl_generator_py
[0.352s] [ 85%] Built target knapp_amr__rosidl_typesupport_fastrtps_c__pyext
[0.361s] [ 91%] Built target knapp_amr__rosidl_typesupport_introspection_c__pyext
[0.388s] [ 97%] Built target knapp_amr__rosidl_typesupport_c__pyext
[0.506s] running egg_info
[0.508s] writing knapp_amr.egg-info/PKG-INFO
[0.508s] writing dependency_links to knapp_amr.egg-info/dependency_links.txt
[0.508s] writing top-level names to knapp_amr.egg-info/top_level.txt
[0.509s] reading manifest file 'knapp_amr.egg-info/SOURCES.txt'
[0.512s] writing manifest file 'knapp_amr.egg-info/SOURCES.txt'
[0.546s] [ 97%] Built target ament_cmake_python_build_knapp_amr_egg
[2.652s] [01m[K/home/pietro/knapp_ros/src/knapp_amr/src/posePub.cpp:[m[K In function â€˜[01m[Kint main(int, char**)[m[Kâ€™:
[2.652s] [01m[K/home/pietro/knapp_ros/src/knapp_amr/src/posePub.cpp:50:60:[m[K [01;31m[Kerror: [m[Kâ€˜[01m[Krclcpp::ReliabilityPolicy::Reliable[m[Kâ€™ cannot be used as a function
[2.652s]    50 |         rclcpp::QoS qos([01;31m[Krclcpp::ReliabilityPolicy::Reliable()[m[K);
[2.652s]       |                         [01;31m[K~~~~~~~~~~~~~~~~~~~~~~~~~~~~~~~~~~~^~[m[K
[2.658s] [01m[K/home/pietro/knapp_ros/src/knapp_amr/src/posePub.cpp:50:21:[m[K [01;35m[Kwarning: [m[Kunused variable â€˜[01m[Kqos[m[Kâ€™ [[01;35m[K]8;;https://gcc.gnu.org/onlinedocs/gcc/Warning-Options.html#index-Wunused-variable-Wunused-variable]8;;[m[K]
[2.658s]    50 |         rclcpp::QoS [01;35m[Kqos[m[K(rclcpp::ReliabilityPolicy::Reliable());
[2.659s]       |                     [01;35m[K^~~[m[K
[3.422s] gmake[2]: *** [CMakeFiles/posePub.dir/build.make:76: CMakeFiles/posePub.dir/src/posePub.cpp.o] Error 1
[3.422s] gmake[1]: *** [CMakeFiles/Makefile2:622: CMakeFiles/posePub.dir/all] Error 2
[3.422s] gmake: *** [Makefile:146: all] Error 2
[3.425s] Invoked command in '/home/pietro/knapp_ros/build/knapp_amr' returned '2': CMAKE_PREFIX_PATH=/opt/ros/humble /usr/bin/cmake --build /home/pietro/knapp_ros/build/knapp_amr -- -j4 -l4
