[01m[K/home/pietro/knapp_ros/src/knapp_amr/src/OrderOptimizer.cpp:36:24:[m[K [01;31m[Kerror: [m[Kâ€˜[01m[Kturtlesim[m[Kâ€™ was not declared in this scope
   36 |   rclcpp::Subscription<[01;31m[Kturtlesim[m[K::msg::Pose
      |                        [01;31m[K^~~~~~~~~[m[K
[01m[K/home/pietro/knapp_ros/src/knapp_amr/src/OrderOptimizer.cpp:36:40:[m[K [01;31m[Kerror: [m[Ktemplate argument 1 is invalid
   36 |   rclcpp::Subscription<turtlesim::msg::[01;31m[KPose[m[K
      |                                        [01;31m[K^~~~[m[K
[01m[K/home/pietro/knapp_ros/src/knapp_amr/src/OrderOptimizer.cpp:36:40:[m[K [01;31m[Kerror: [m[Ktemplate argument 3 is invalid
[01m[K/home/pietro/knapp_ros/src/knapp_amr/src/OrderOptimizer.cpp:36:40:[m[K [01;31m[Kerror: [m[Ktemplate argument 4 is invalid
[01m[K/home/pietro/knapp_ros/src/knapp_amr/src/OrderOptimizer.cpp:36:40:[m[K [01;31m[Kerror: [m[Ktemplate argument 5 is invalid
[01m[K/home/pietro/knapp_ros/src/knapp_amr/src/OrderOptimizer.cpp:38:1:[m[K [01;31m[Kerror: [m[Kexpected unqualified-id before â€˜[01m[K}[m[Kâ€™ token
   38 | [01;31m[K}[m[K;
      | [01;31m[K^[m[K
gmake[2]: *** [CMakeFiles/optimizer.dir/build.make:76: CMakeFiles/optimizer.dir/src/OrderOptimizer.cpp.o] Error 1
gmake[1]: *** [CMakeFiles/Makefile2:182: CMakeFiles/optimizer.dir/all] Error 2
gmake: *** [Makefile:146: all] Error 2
