-- Found ament_cmake: 1.3.3 (/opt/ros/humble/share/ament_cmake/cmake)
-- Found geometry_msgs: 4.2.3 (/opt/ros/humble/share/geometry_msgs/cmake)
-- Found rosidl_generator_c: 3.1.4 (/opt/ros/humble/share/rosidl_generator_c/cmake)
-- Found rosidl_adapter: 3.1.4 (/opt/ros/humble/share/rosidl_adapter/cmake)
-- Found rosidl_generator_cpp: 3.1.4 (/opt/ros/humble/share/rosidl_generator_cpp/cmake)
-- Using all available rosidl_typesupport_c: rosidl_typesupport_fastrtps_c;rosidl_typesupport_introspection_c
-- Using all available rosidl_typesupport_cpp: rosidl_typesupport_fastrtps_cpp;rosidl_typesupport_introspection_cpp
-- Found rclcpp: 16.0.3 (/opt/ros/humble/share/rclcpp/cmake)
-- Found rmw_implementation_cmake: 6.1.1 (/opt/ros/humble/share/rmw_implementation_cmake/cmake)
-- Found rmw_fastrtps_cpp: 6.2.2 (/opt/ros/humble/share/rmw_fastrtps_cpp/cmake)
-- Found OpenSSL: /usr/lib/x86_64-linux-gnu/libcrypto.so (found version "3.0.2")  
-- Found FastRTPS: /opt/ros/humble/include  
-- Using RMW implementation 'rmw_fastrtps_cpp' as default
-- Looking for pthread.h
-- Looking for pthread.h - found
-- Performing Test CMAKE_HAVE_LIBC_PTHREAD
-- Performing Test CMAKE_HAVE_LIBC_PTHREAD - Success
-- Found Threads: TRUE  
-- Found rosidl_default_generators: 1.2.0 (/opt/ros/humble/share/rosidl_default_generators/cmake)
-- Found ament_cmake_ros: 0.10.0 (/opt/ros/humble/share/ament_cmake_ros/cmake)
-- Using all available rosidl_typesupport_c: rosidl_typesupport_fastrtps_c;rosidl_typesupport_introspection_c
-- Using all available rosidl_typesupport_cpp: rosidl_typesupport_fastrtps_cpp;rosidl_typesupport_introspection_cpp
-- Found python_cmake_module: 0.10.0 (/opt/ros/humble/share/python_cmake_module/cmake)
-- Using PYTHON_EXECUTABLE: /usr/bin/python3
-- Using PYTHON_INCLUDE_DIRS: /usr/include/python3.10
-- Using PYTHON_LIBRARIES: /usr/lib/x86_64-linux-gnu/libpython3.10.so
-- Found ament_lint_auto: 0.12.5 (/opt/ros/humble/share/ament_lint_auto/cmake)
-- Added test 'cppcheck' to perform static code analysis on C / C++ code
-- Configured cppcheck include dirs: 
-- Configured cppcheck exclude dirs and/or files: 
-- Added test 'lint_cmake' to check CMake code style
-- Added test 'uncrustify' to check C / C++ code style
-- Configured uncrustify additional arguments: 
-- Added test 'xmllint' to check XML markup files
-- Configuring done
-- Generating done
-- Build files have been written to: /home/pietro/knapp_ros/build/knapp_amr
[35m[1mConsolidate compiler generated dependencies of target knapp_amr__rosidl_generator_c[0m
[  3%] [32mBuilding CXX object CMakeFiles/optimizer.dir/src/OrderOptimizer.cpp.o[0m
[ 12%] Built target knapp_amr__rosidl_generator_c
[ 15%] Built target knapp_amr__cpp
[ 15%] Built target ament_cmake_python_copy_knapp_amr
[35m[1mConsolidate compiler generated dependencies of target knapp_amr__rosidl_typesupport_fastrtps_c[0m
[35m[1mConsolidate compiler generated dependencies of target knapp_amr__rosidl_typesupport_introspection_c[0m
[35m[1mConsolidate compiler generated dependencies of target knapp_amr__rosidl_typesupport_c[0m
[ 27%] Built target knapp_amr__rosidl_typesupport_introspection_c
[ 33%] Built target knapp_amr__rosidl_typesupport_c
[ 42%] Built target knapp_amr__rosidl_typesupport_fastrtps_c
[35m[1mConsolidate compiler generated dependencies of target knapp_amr__rosidl_typesupport_introspection_cpp[0m
[35m[1mConsolidate compiler generated dependencies of target knapp_amr__rosidl_typesupport_cpp[0m
[ 51%] Built target knapp_amr__rosidl_typesupport_introspection_cpp
[ 60%] Built target knapp_amr__rosidl_typesupport_cpp
[35m[1mConsolidate compiler generated dependencies of target knapp_amr__rosidl_typesupport_fastrtps_cpp[0m
[ 69%] Built target knapp_amr__rosidl_typesupport_fastrtps_cpp
[ 69%] Built target knapp_amr
[ 72%] Built target knapp_amr__py
[35m[1mConsolidate compiler generated dependencies of target knapp_amr__rosidl_generator_py[0m
[ 78%] Built target knapp_amr__rosidl_generator_py
[35m[1mConsolidate compiler generated dependencies of target knapp_amr__rosidl_typesupport_introspection_c__pyext[0m
[ 84%] Built target knapp_amr__rosidl_typesupport_introspection_c__pyext
[35m[1mConsolidate compiler generated dependencies of target knapp_amr__rosidl_typesupport_fastrtps_c__pyext[0m
[35m[1mConsolidate compiler generated dependencies of target knapp_amr__rosidl_typesupport_c__pyext[0m
[ 90%] Built target knapp_amr__rosidl_typesupport_c__pyext
[ 96%] Built target knapp_amr__rosidl_typesupport_fastrtps_c__pyext
running egg_info
writing knapp_amr.egg-info/PKG-INFO
writing dependency_links to knapp_amr.egg-info/dependency_links.txt
writing top-level names to knapp_amr.egg-info/top_level.txt
reading manifest file 'knapp_amr.egg-info/SOURCES.txt'
writing manifest file 'knapp_amr.egg-info/SOURCES.txt'
[ 96%] Built target ament_cmake_python_build_knapp_amr_egg
[01m[K/home/pietro/knapp_ros/src/knapp_amr/src/OrderOptimizer.cpp:36:24:[m[K [01;31m[Kerror: [m[Kâ€˜[01m[Kturtlesim[m[Kâ€™ was not declared in this scope
   36 |   rclcpp::Subscription<[01;31m[Kturtlesim[m[K::msg::Pose
      |                        [01;31m[K^~~~~~~~~[m[K
[01m[K/home/pietro/knapp_ros/src/knapp_amr/src/OrderOptimizer.cpp:36:40:[m[K [01;31m[Kerror: [m[Ktemplate argument 1 is invalid
   36 |   rclcpp::Subscription<turtlesim::msg::[01;31m[KPose[m[K
      |                                        [01;31m[K^~~~[m[K
[01m[K/home/pietro/knapp_ros/src/knapp_amr/src/OrderOptimizer.cpp:36:40:[m[K [01;31m[Kerror: [m[Ktemplate argument 3 is invalid
[01m[K/home/pietro/knapp_ros/src/knapp_amr/src/OrderOptimizer.cpp:36:40:[m[K [01;31m[Kerror: [m[Ktemplate argument 4 is invalid
[01m[K/home/pietro/knapp_ros/src/knapp_amr/src/OrderOptimizer.cpp:36:40:[m[K [01;31m[Kerror: [m[Ktemplate argument 5 is invalid
[01m[K/home/pietro/knapp_ros/src/knapp_amr/src/OrderOptimizer.cpp:38:1:[m[K [01;31m[Kerror: [m[Kexpected unqualified-id before â€˜[01m[K}[m[Kâ€™ token
   38 | [01;31m[K}[m[K;
      | [01;31m[K^[m[K
gmake[2]: *** [CMakeFiles/optimizer.dir/build.make:76: CMakeFiles/optimizer.dir/src/OrderOptimizer.cpp.o] Error 1
gmake[1]: *** [CMakeFiles/Makefile2:182: CMakeFiles/optimizer.dir/all] Error 2
gmake: *** [Makefile:146: all] Error 2
