[0.014s] Invoking command in '/home/pietro/knapp_ros/build/knapp_amr': CMAKE_PREFIX_PATH=/opt/ros/humble /usr/bin/cmake --build /home/pietro/knapp_ros/build/knapp_amr -- -j4 -l4
[0.069s] -- Found ament_cmake: 1.3.3 (/opt/ros/humble/share/ament_cmake/cmake)
[0.254s] -- Found geometry_msgs: 4.2.3 (/opt/ros/humble/share/geometry_msgs/cmake)
[0.483s] -- Found rosidl_generator_c: 3.1.4 (/opt/ros/humble/share/rosidl_generator_c/cmake)
[0.487s] -- Found rosidl_adapter: 3.1.4 (/opt/ros/humble/share/rosidl_adapter/cmake)
[0.495s] -- Found rosidl_generator_cpp: 3.1.4 (/opt/ros/humble/share/rosidl_generator_cpp/cmake)
[0.507s] -- Using all available rosidl_typesupport_c: rosidl_typesupport_fastrtps_c;rosidl_typesupport_introspection_c
[0.527s] -- Using all available rosidl_typesupport_cpp: rosidl_typesupport_fastrtps_cpp;rosidl_typesupport_introspection_cpp
[0.724s] -- Found rclcpp: 16.0.3 (/opt/ros/humble/share/rclcpp/cmake)
[0.799s] -- Found rmw_implementation_cmake: 6.1.1 (/opt/ros/humble/share/rmw_implementation_cmake/cmake)
[0.802s] -- Found rmw_fastrtps_cpp: 6.2.2 (/opt/ros/humble/share/rmw_fastrtps_cpp/cmake)
[0.903s] -- Found OpenSSL: /usr/lib/x86_64-linux-gnu/libcrypto.so (found version "3.0.2")  
[0.929s] -- Found FastRTPS: /opt/ros/humble/include  
[0.978s] -- Using RMW implementation 'rmw_fastrtps_cpp' as default
[0.987s] -- Looking for pthread.h
[1.060s] -- Looking for pthread.h - found
[1.060s] -- Performing Test CMAKE_HAVE_LIBC_PTHREAD
[1.134s] -- Performing Test CMAKE_HAVE_LIBC_PTHREAD - Success
[1.135s] -- Found Threads: TRUE  
[1.282s] -- Found rosidl_default_generators: 1.2.0 (/opt/ros/humble/share/rosidl_default_generators/cmake)
[1.679s] -- Found ament_cmake_ros: 0.10.0 (/opt/ros/humble/share/ament_cmake_ros/cmake)
[2.222s] -- Using all available rosidl_typesupport_c: rosidl_typesupport_fastrtps_c;rosidl_typesupport_introspection_c
[2.356s] -- Using all available rosidl_typesupport_cpp: rosidl_typesupport_fastrtps_cpp;rosidl_typesupport_introspection_cpp
[2.446s] -- Found python_cmake_module: 0.10.0 (/opt/ros/humble/share/python_cmake_module/cmake)
[2.576s] -- Using PYTHON_EXECUTABLE: /usr/bin/python3
[2.577s] -- Using PYTHON_INCLUDE_DIRS: /usr/include/python3.10
[2.577s] -- Using PYTHON_LIBRARIES: /usr/lib/x86_64-linux-gnu/libpython3.10.so
[2.616s] -- Found ament_lint_auto: 0.12.5 (/opt/ros/humble/share/ament_lint_auto/cmake)
[2.779s] -- Added test 'cppcheck' to perform static code analysis on C / C++ code
[2.781s] -- Configured cppcheck include dirs: 
[2.781s] -- Configured cppcheck exclude dirs and/or files: 
[2.784s] -- Added test 'lint_cmake' to check CMake code style
[2.788s] -- Added test 'uncrustify' to check C / C++ code style
[2.789s] -- Configured uncrustify additional arguments: 
[2.790s] -- Added test 'xmllint' to check XML markup files
[2.799s] -- Configuring done
[2.852s] -- Generating done
[2.857s] -- Build files have been written to: /home/pietro/knapp_ros/build/knapp_amr
[2.885s] [35m[1mConsolidate compiler generated dependencies of target knapp_amr__rosidl_generator_c[0m
[2.895s] [  3%] [32mBuilding CXX object CMakeFiles/optimizer.dir/src/OrderOptimizer.cpp.o[0m
[2.896s] [ 12%] Built target knapp_amr__rosidl_generator_c
[2.903s] [ 15%] Built target knapp_amr__cpp
[2.904s] [ 15%] Built target ament_cmake_python_copy_knapp_amr
[2.906s] [35m[1mConsolidate compiler generated dependencies of target knapp_amr__rosidl_typesupport_fastrtps_c[0m
[2.914s] [35m[1mConsolidate compiler generated dependencies of target knapp_amr__rosidl_typesupport_introspection_c[0m
[2.914s] [35m[1mConsolidate compiler generated dependencies of target knapp_amr__rosidl_typesupport_c[0m
[2.926s] [ 27%] Built target knapp_amr__rosidl_typesupport_introspection_c
[2.926s] [ 33%] Built target knapp_amr__rosidl_typesupport_c
[2.931s] [ 42%] Built target knapp_amr__rosidl_typesupport_fastrtps_c
[2.937s] [35m[1mConsolidate compiler generated dependencies of target knapp_amr__rosidl_typesupport_introspection_cpp[0m
[2.943s] [35m[1mConsolidate compiler generated dependencies of target knapp_amr__rosidl_typesupport_cpp[0m
[2.952s] [ 51%] Built target knapp_amr__rosidl_typesupport_introspection_cpp
[2.956s] [ 60%] Built target knapp_amr__rosidl_typesupport_cpp
[2.963s] [35m[1mConsolidate compiler generated dependencies of target knapp_amr__rosidl_typesupport_fastrtps_cpp[0m
[2.978s] [ 69%] Built target knapp_amr__rosidl_typesupport_fastrtps_cpp
[2.998s] [ 69%] Built target knapp_amr
[3.019s] [ 72%] Built target knapp_amr__py
[3.030s] [35m[1mConsolidate compiler generated dependencies of target knapp_amr__rosidl_generator_py[0m
[3.044s] [ 78%] Built target knapp_amr__rosidl_generator_py
[3.054s] [35m[1mConsolidate compiler generated dependencies of target knapp_amr__rosidl_typesupport_introspection_c__pyext[0m
[3.068s] [ 84%] Built target knapp_amr__rosidl_typesupport_introspection_c__pyext
[3.069s] [35m[1mConsolidate compiler generated dependencies of target knapp_amr__rosidl_typesupport_fastrtps_c__pyext[0m
[3.078s] [35m[1mConsolidate compiler generated dependencies of target knapp_amr__rosidl_typesupport_c__pyext[0m
[3.092s] [ 90%] Built target knapp_amr__rosidl_typesupport_c__pyext
[3.103s] [ 96%] Built target knapp_amr__rosidl_typesupport_fastrtps_c__pyext
[3.191s] running egg_info
[3.192s] writing knapp_amr.egg-info/PKG-INFO
[3.192s] writing dependency_links to knapp_amr.egg-info/dependency_links.txt
[3.192s] writing top-level names to knapp_amr.egg-info/top_level.txt
[3.195s] reading manifest file 'knapp_amr.egg-info/SOURCES.txt'
[3.195s] writing manifest file 'knapp_amr.egg-info/SOURCES.txt'
[3.274s] [ 96%] Built target ament_cmake_python_build_knapp_amr_egg
[5.609s] [01m[K/home/pietro/knapp_ros/src/knapp_amr/src/OrderOptimizer.cpp:36:24:[m[K [01;31m[Kerror: [m[Kâ€˜[01m[Kturtlesim[m[Kâ€™ was not declared in this scope
[5.609s]    36 |   rclcpp::Subscription<[01;31m[Kturtlesim[m[K::msg::Pose
[5.610s]       |                        [01;31m[K^~~~~~~~~[m[K
[5.610s] [01m[K/home/pietro/knapp_ros/src/knapp_amr/src/OrderOptimizer.cpp:36:40:[m[K [01;31m[Kerror: [m[Ktemplate argument 1 is invalid
[5.610s]    36 |   rclcpp::Subscription<turtlesim::msg::[01;31m[KPose[m[K
[5.610s]       |                                        [01;31m[K^~~~[m[K
[5.610s] [01m[K/home/pietro/knapp_ros/src/knapp_amr/src/OrderOptimizer.cpp:36:40:[m[K [01;31m[Kerror: [m[Ktemplate argument 3 is invalid
[5.610s] [01m[K/home/pietro/knapp_ros/src/knapp_amr/src/OrderOptimizer.cpp:36:40:[m[K [01;31m[Kerror: [m[Ktemplate argument 4 is invalid
[5.610s] [01m[K/home/pietro/knapp_ros/src/knapp_amr/src/OrderOptimizer.cpp:36:40:[m[K [01;31m[Kerror: [m[Ktemplate argument 5 is invalid
[5.610s] [01m[K/home/pietro/knapp_ros/src/knapp_amr/src/OrderOptimizer.cpp:38:1:[m[K [01;31m[Kerror: [m[Kexpected unqualified-id before â€˜[01m[K}[m[Kâ€™ token
[5.610s]    38 | [01;31m[K}[m[K;
[5.610s]       | [01;31m[K^[m[K
[6.074s] gmake[2]: *** [CMakeFiles/optimizer.dir/build.make:76: CMakeFiles/optimizer.dir/src/OrderOptimizer.cpp.o] Error 1
[6.074s] gmake[1]: *** [CMakeFiles/Makefile2:182: CMakeFiles/optimizer.dir/all] Error 2
[6.075s] gmake: *** [Makefile:146: all] Error 2
[6.112s] Invoked command in '/home/pietro/knapp_ros/build/knapp_amr' returned '2': CMAKE_PREFIX_PATH=/opt/ros/humble /usr/bin/cmake --build /home/pietro/knapp_ros/build/knapp_amr -- -j4 -l4
