[35m[1mConsolidate compiler generated dependencies of target optimizer[0m
[  3%] Built target knapp_amr__cpp
[ 12%] Built target knapp_amr__rosidl_generator_c
[ 15%] [32mBuilding CXX object CMakeFiles/optimizer.dir/src/OrderOptimizer.cpp.o[0m
[ 15%] Built target ament_cmake_python_copy_knapp_amr
[ 24%] Built target knapp_amr__rosidl_typesupport_cpp
[ 33%] Built target knapp_amr__rosidl_typesupport_fastrtps_cpp
[ 42%] Built target knapp_amr__rosidl_typesupport_introspection_c
[ 51%] Built target knapp_amr__rosidl_typesupport_c
[ 60%] Built target knapp_amr__rosidl_typesupport_introspection_cpp
[ 69%] Built target knapp_amr__rosidl_typesupport_fastrtps_c
[ 69%] Built target knapp_amr
[ 72%] Built target knapp_amr__py
[ 78%] Built target knapp_amr__rosidl_generator_py
[ 84%] Built target knapp_amr__rosidl_typesupport_fastrtps_c__pyext
[ 90%] Built target knapp_amr__rosidl_typesupport_introspection_c__pyext
[ 96%] Built target knapp_amr__rosidl_typesupport_c__pyext
running egg_info
writing knapp_amr.egg-info/PKG-INFO
writing dependency_links to knapp_amr.egg-info/dependency_links.txt
writing top-level names to knapp_amr.egg-info/top_level.txt
[01m[K/home/pietro/knapp_ros/src/knapp_amr/src/OrderOptimizer.cpp:8:10:[m[K [01;31m[Kfatal error: [m[Kknapp_amr/msg/order.hpp: No such file or directory
    8 | #include [01;31m[K"knapp_amr/msg/order.hpp"[m[K
      |          [01;31m[K^~~~~~~~~~~~~~~~~~~~~~~~~[m[K
compilation terminated.
reading manifest file 'knapp_amr.egg-info/SOURCES.txt'
writing manifest file 'knapp_amr.egg-info/SOURCES.txt'
gmake[2]: *** [CMakeFiles/optimizer.dir/build.make:76: CMakeFiles/optimizer.dir/src/OrderOptimizer.cpp.o] Error 1
gmake[1]: *** [CMakeFiles/Makefile2:182: CMakeFiles/optimizer.dir/all] Error 2
gmake[1]: *** Waiting for unfinished jobs....
[ 96%] Built target ament_cmake_python_build_knapp_amr_egg
gmake: *** [Makefile:146: all] Error 2
